{"/Users/nikhil.c_awg/Documents/GitHub/doc-management-nest-backend/src/app.controller.ts": {"path":"/Users/nikhil.c_awg/Documents/GitHub/doc-management-nest-backend/src/app.controller.ts","statementMap":{"0":{"start":{"line":1,"column":0},"end":{"line":1,"column":49}},"1":{"start":{"line":2,"column":0},"end":{"line":2,"column":69}},"2":{"start":{"line":3,"column":0},"end":{"line":3,"column":43}},"3":{"start":{"line":7,"column":7},"end":{"line":23,"column":null}},"4":{"start":{"line":8,"column":31},"end":{"line":8,"column":43}},"5":{"start":{"line":14,"column":4},"end":{"line":14,"column":44}},"6":{"start":{"line":21,"column":4},"end":{"line":21,"column":47}},"7":{"start":{"line":7,"column":13},"end":{"line":7,"column":26}},"8":{"start":{"line":13,"column":2},"end":{"line":15,"column":null}},"9":{"start":{"line":20,"column":2},"end":{"line":22,"column":null}},"10":{"start":{"line":7,"column":13},"end":{"line":23,"column":null}}},"fnMap":{"0":{"name":"(anonymous_2)","decl":{"start":{"line":8,"column":2},"end":{"line":8,"column":31}},"loc":{"start":{"line":8,"column":53},"end":{"line":8,"column":57}}},"1":{"name":"(anonymous_3)","decl":{"start":{"line":13,"column":2},"end":{"line":13,"column":10}},"loc":{"start":{"line":13,"column":10},"end":{"line":15,"column":3}}},"2":{"name":"(anonymous_4)","decl":{"start":{"line":20,"column":2},"end":{"line":20,"column":11}},"loc":{"start":{"line":20,"column":11},"end":{"line":22,"column":3}}}},"branchMap":{},"s":{"0":2,"1":2,"2":2,"3":2,"4":2,"5":0,"6":0,"7":2,"8":2,"9":2,"10":2},"f":{"0":2,"1":0,"2":0},"b":{}}
,"/Users/nikhil.c_awg/Documents/GitHub/doc-management-nest-backend/src/app.module.ts": {"path":"/Users/nikhil.c_awg/Documents/GitHub/doc-management-nest-backend/src/app.module.ts","statementMap":{"0":{"start":{"line":1,"column":0},"end":{"line":1,"column":40}},"1":{"start":{"line":2,"column":0},"end":{"line":2,"column":61}},"2":{"start":{"line":3,"column":0},"end":{"line":3,"column":48}},"3":{"start":{"line":4,"column":0},"end":{"line":4,"column":57}},"4":{"start":{"line":5,"column":0},"end":{"line":5,"column":28}},"5":{"start":{"line":7,"column":0},"end":{"line":7,"column":48}},"6":{"start":{"line":8,"column":0},"end":{"line":8,"column":51}},"7":{"start":{"line":9,"column":0},"end":{"line":9,"column":63}},"8":{"start":{"line":10,"column":0},"end":{"line":10,"column":63}},"9":{"start":{"line":11,"column":0},"end":{"line":11,"column":49}},"10":{"start":{"line":12,"column":0},"end":{"line":12,"column":43}},"11":{"start":{"line":76,"column":7},"end":{"line":76,"column":null}},"12":{"start":{"line":76,"column":13},"end":{"line":76,"column":22}},"13":{"start":{"line":76,"column":13},"end":{"line":76,"column":null}},"14":{"start":{"line":26,"column":28},"end":{"line":26,"column":81}},"15":{"start":{"line":28,"column":8},"end":{"line":50,"column":9}},"16":{"start":{"line":29,"column":10},"end":{"line":40,"column":12}},"17":{"start":{"line":43,"column":10},"end":{"line":49,"column":12}},"18":{"start":{"line":58,"column":52},"end":{"line":63,"column":null}}},"fnMap":{"0":{"name":"(anonymous_1)","decl":{"start":{"line":25,"column":18},"end":{"line":25,"column":19}},"loc":{"start":{"line":25,"column":51},"end":{"line":51,"column":7}}},"1":{"name":"(anonymous_2)","decl":{"start":{"line":58,"column":18},"end":{"line":58,"column":19}},"loc":{"start":{"line":58,"column":52},"end":{"line":63,"column":null}}}},"branchMap":{"0":{"loc":{"start":{"line":28,"column":8},"end":{"line":50,"column":9}},"type":"if","locations":[{"start":{"line":28,"column":8},"end":{"line":50,"column":9}},{"start":{"line":41,"column":15},"end":{"line":50,"column":9}}]},"1":{"loc":{"start":{"line":39,"column":17},"end":{"line":39,"column":103}},"type":"cond-expr","locations":[{"start":{"line":39,"column":66},"end":{"line":39,"column":95}},{"start":{"line":39,"column":98},"end":{"line":39,"column":103}}]}},"s":{"0":2,"1":2,"2":2,"3":2,"4":2,"5":2,"6":2,"7":2,"8":2,"9":2,"10":2,"11":2,"12":2,"13":2,"14":2,"15":2,"16":0,"17":2,"18":2},"f":{"0":2,"1":2},"b":{"0":[0,2],"1":[0,0]}}
,"/Users/nikhil.c_awg/Documents/GitHub/doc-management-nest-backend/src/app.service.ts": {"path":"/Users/nikhil.c_awg/Documents/GitHub/doc-management-nest-backend/src/app.service.ts","statementMap":{"0":{"start":{"line":1,"column":0},"end":{"line":1,"column":44}},"1":{"start":{"line":4,"column":7},"end":{"line":24,"column":null}},"2":{"start":{"line":5,"column":19},"end":{"line":5,"column":42}},"3":{"start":{"line":8,"column":4},"end":{"line":12,"column":6}},"4":{"start":{"line":16,"column":19},"end":{"line":16,"column":46}},"5":{"start":{"line":18,"column":4},"end":{"line":22,"column":6}},"6":{"start":{"line":4,"column":13},"end":{"line":4,"column":23}},"7":{"start":{"line":4,"column":13},"end":{"line":24,"column":null}}},"fnMap":{"0":{"name":"(anonymous_1)","decl":{"start":{"line":4,"column":7},"end":{"line":4,"column":13}},"loc":{"start":{"line":4,"column":7},"end":{"line":24,"column":1}}},"1":{"name":"(anonymous_2)","decl":{"start":{"line":7,"column":2},"end":{"line":7,"column":16}},"loc":{"start":{"line":7,"column":16},"end":{"line":13,"column":3}}},"2":{"name":"(anonymous_3)","decl":{"start":{"line":15,"column":2},"end":{"line":15,"column":19}},"loc":{"start":{"line":15,"column":19},"end":{"line":23,"column":3}}}},"branchMap":{"0":{"loc":{"start":{"line":11,"column":19},"end":{"line":11,"column":56}},"type":"binary-expr","locations":[{"start":{"line":11,"column":19},"end":{"line":11,"column":39}},{"start":{"line":11,"column":43},"end":{"line":11,"column":56}}]}},"s":{"0":2,"1":2,"2":2,"3":0,"4":0,"5":0,"6":2,"7":2},"f":{"0":2,"1":0,"2":0},"b":{"0":[0,0]}}
,"/Users/nikhil.c_awg/Documents/GitHub/doc-management-nest-backend/src/auth/auth-demo.controller.ts": {"path":"/Users/nikhil.c_awg/Documents/GitHub/doc-management-nest-backend/src/auth/auth-demo.controller.ts","statementMap":{"0":{"start":{"line":1,"column":0},"end":{"line":1,"column":null}},"1":{"start":{"line":9,"column":0},"end":{"line":9,"column":null}},"2":{"start":{"line":15,"column":0},"end":{"line":15,"column":55}},"3":{"start":{"line":31,"column":7},"end":{"line":214,"column":null}},"4":{"start":{"line":57,"column":4},"end":{"line":67,"column":6}},"5":{"start":{"line":107,"column":22},"end":{"line":111,"column":6}},"6":{"start":{"line":113,"column":17},"end":{"line":117,"column":6}},"7":{"start":{"line":119,"column":4},"end":{"line":131,"column":6}},"8":{"start":{"line":155,"column":4},"end":{"line":163,"column":6}},"9":{"start":{"line":180,"column":4},"end":{"line":183,"column":6}},"10":{"start":{"line":194,"column":4},"end":{"line":212,"column":6}},"11":{"start":{"line":31,"column":13},"end":{"line":31,"column":31}},"12":{"start":{"line":55,"column":8},"end":{"line":68,"column":null}},"13":{"start":{"line":105,"column":8},"end":{"line":132,"column":null}},"14":{"start":{"line":152,"column":2},"end":{"line":164,"column":null}},"15":{"start":{"line":179,"column":2},"end":{"line":184,"column":null}},"16":{"start":{"line":193,"column":2},"end":{"line":213,"column":null}},"17":{"start":{"line":31,"column":13},"end":{"line":214,"column":null}}},"fnMap":{"0":{"name":"(anonymous_4)","decl":{"start":{"line":55,"column":2},"end":{"line":55,"column":7}},"loc":{"start":{"line":55,"column":49},"end":{"line":68,"column":3}}},"1":{"name":"(anonymous_5)","decl":{"start":{"line":105,"column":2},"end":{"line":105,"column":7}},"loc":{"start":{"line":105,"column":40},"end":{"line":132,"column":3}}},"2":{"name":"(anonymous_6)","decl":{"start":{"line":152,"column":2},"end":{"line":152,"column":12}},"loc":{"start":{"line":152,"column":12},"end":{"line":164,"column":3}}},"3":{"name":"(anonymous_7)","decl":{"start":{"line":179,"column":2},"end":{"line":179,"column":8}},"loc":{"start":{"line":179,"column":8},"end":{"line":184,"column":3}}},"4":{"name":"(anonymous_8)","decl":{"start":{"line":193,"column":2},"end":{"line":193,"column":13}},"loc":{"start":{"line":193,"column":13},"end":{"line":213,"column":3}}}},"branchMap":{"0":{"loc":{"start":{"line":113,"column":17},"end":{"line":117,"column":6}},"type":"binary-expr","locations":[{"start":{"line":113,"column":17},"end":{"line":113,"column":68}},{"start":{"line":113,"column":72},"end":{"line":117,"column":6}}]}},"s":{"0":0,"1":0,"2":0,"3":0,"4":0,"5":0,"6":0,"7":0,"8":0,"9":0,"10":0,"11":0,"12":0,"13":0,"14":0,"15":0,"16":0,"17":0},"f":{"0":0,"1":0,"2":0,"3":0,"4":0},"b":{"0":[0,0]}}
,"/Users/nikhil.c_awg/Documents/GitHub/doc-management-nest-backend/src/auth/auth-demo.module.ts": {"path":"/Users/nikhil.c_awg/Documents/GitHub/doc-management-nest-backend/src/auth/auth-demo.module.ts","statementMap":{"0":{"start":{"line":1,"column":0},"end":{"line":1,"column":40}},"1":{"start":{"line":2,"column":0},"end":{"line":2,"column":60}},"2":{"start":{"line":9,"column":7},"end":{"line":9,"column":null}},"3":{"start":{"line":9,"column":13},"end":{"line":9,"column":23}},"4":{"start":{"line":9,"column":13},"end":{"line":9,"column":null}}},"fnMap":{},"branchMap":{},"s":{"0":0,"1":0,"2":0,"3":0,"4":0},"f":{},"b":{}}
,"/Users/nikhil.c_awg/Documents/GitHub/doc-management-nest-backend/src/auth/auth.controller.ts": {"path":"/Users/nikhil.c_awg/Documents/GitHub/doc-management-nest-backend/src/auth/auth.controller.ts","statementMap":{"0":{"start":{"line":1,"column":0},"end":{"line":1,"column":null}},"1":{"start":{"line":11,"column":0},"end":{"line":11,"column":null}},"2":{"start":{"line":18,"column":0},"end":{"line":18,"column":45}},"3":{"start":{"line":19,"column":0},"end":{"line":19,"column":59}},"4":{"start":{"line":20,"column":0},"end":{"line":20,"column":55}},"5":{"start":{"line":21,"column":0},"end":{"line":21,"column":55}},"6":{"start":{"line":22,"column":0},"end":{"line":22,"column":49}},"7":{"start":{"line":23,"column":0},"end":{"line":23,"column":43}},"8":{"start":{"line":27,"column":7},"end":{"line":152,"column":null}},"9":{"start":{"line":28,"column":31},"end":{"line":28,"column":44}},"10":{"start":{"line":52,"column":4},"end":{"line":52,"column":50}},"11":{"start":{"line":86,"column":4},"end":{"line":86,"column":44}},"12":{"start":{"line":105,"column":4},"end":{"line":105,"column":48}},"13":{"start":{"line":126,"column":4},"end":{"line":126,"column":51}},"14":{"start":{"line":150,"column":4},"end":{"line":150,"column":20}},"15":{"start":{"line":27,"column":13},"end":{"line":27,"column":27}},"16":{"start":{"line":51,"column":8},"end":{"line":53,"column":null}},"17":{"start":{"line":85,"column":8},"end":{"line":87,"column":null}},"18":{"start":{"line":104,"column":8},"end":{"line":106,"column":null}},"19":{"start":{"line":125,"column":8},"end":{"line":127,"column":null}},"20":{"start":{"line":149,"column":2},"end":{"line":151,"column":null}},"21":{"start":{"line":27,"column":13},"end":{"line":152,"column":null}}},"fnMap":{"0":{"name":"(anonymous_4)","decl":{"start":{"line":28,"column":2},"end":{"line":28,"column":31}},"loc":{"start":{"line":28,"column":55},"end":{"line":28,"column":59}}},"1":{"name":"(anonymous_5)","decl":{"start":{"line":51,"column":2},"end":{"line":51,"column":7}},"loc":{"start":{"line":51,"column":49},"end":{"line":53,"column":3}}},"2":{"name":"(anonymous_6)","decl":{"start":{"line":85,"column":2},"end":{"line":85,"column":7}},"loc":{"start":{"line":85,"column":56},"end":{"line":87,"column":3}}},"3":{"name":"(anonymous_7)","decl":{"start":{"line":104,"column":2},"end":{"line":104,"column":7}},"loc":{"start":{"line":104,"column":29},"end":{"line":106,"column":3}}},"4":{"name":"(anonymous_8)","decl":{"start":{"line":125,"column":2},"end":{"line":125,"column":7}},"loc":{"start":{"line":125,"column":35},"end":{"line":127,"column":3}}},"5":{"name":"(anonymous_9)","decl":{"start":{"line":149,"column":2},"end":{"line":149,"column":12}},"loc":{"start":{"line":149,"column":27},"end":{"line":151,"column":3}}}},"branchMap":{},"s":{"0":2,"1":2,"2":2,"3":2,"4":2,"5":2,"6":2,"7":2,"8":2,"9":2,"10":0,"11":2,"12":0,"13":0,"14":0,"15":2,"16":2,"17":2,"18":2,"19":2,"20":2,"21":2},"f":{"0":2,"1":0,"2":2,"3":0,"4":0,"5":0},"b":{}}
,"/Users/nikhil.c_awg/Documents/GitHub/doc-management-nest-backend/src/auth/auth.module.ts": {"path":"/Users/nikhil.c_awg/Documents/GitHub/doc-management-nest-backend/src/auth/auth.module.ts","statementMap":{"0":{"start":{"line":1,"column":0},"end":{"line":1,"column":40}},"1":{"start":{"line":2,"column":0},"end":{"line":2,"column":40}},"2":{"start":{"line":3,"column":0},"end":{"line":3,"column":50}},"3":{"start":{"line":4,"column":0},"end":{"line":4,"column":61}},"4":{"start":{"line":5,"column":0},"end":{"line":5,"column":41}},"5":{"start":{"line":7,"column":0},"end":{"line":7,"column":45}},"6":{"start":{"line":8,"column":0},"end":{"line":8,"column":51}},"7":{"start":{"line":9,"column":0},"end":{"line":9,"column":60}},"8":{"start":{"line":10,"column":0},"end":{"line":10,"column":56}},"9":{"start":{"line":11,"column":0},"end":{"line":11,"column":55}},"10":{"start":{"line":12,"column":0},"end":{"line":12,"column":50}},"11":{"start":{"line":13,"column":0},"end":{"line":13,"column":52}},"12":{"start":{"line":47,"column":7},"end":{"line":47,"column":null}},"13":{"start":{"line":47,"column":13},"end":{"line":47,"column":23}},"14":{"start":{"line":47,"column":13},"end":{"line":47,"column":null}},"15":{"start":{"line":22,"column":59},"end":{"line":27,"column":8}}},"fnMap":{"0":{"name":"(anonymous_1)","decl":{"start":{"line":22,"column":18},"end":{"line":22,"column":23}},"loc":{"start":{"line":22,"column":59},"end":{"line":27,"column":8}}}},"branchMap":{},"s":{"0":2,"1":2,"2":2,"3":2,"4":2,"5":2,"6":2,"7":2,"8":2,"9":2,"10":2,"11":2,"12":2,"13":2,"14":2,"15":2},"f":{"0":2},"b":{}}
,"/Users/nikhil.c_awg/Documents/GitHub/doc-management-nest-backend/src/auth/auth.service.ts": {"path":"/Users/nikhil.c_awg/Documents/GitHub/doc-management-nest-backend/src/auth/auth.service.ts","statementMap":{"0":{"start":{"line":1,"column":0},"end":{"line":1,"column":86}},"1":{"start":{"line":2,"column":0},"end":{"line":2,"column":41}},"2":{"start":{"line":3,"column":0},"end":{"line":3,"column":47}},"3":{"start":{"line":4,"column":0},"end":{"line":4,"column":35}},"4":{"start":{"line":5,"column":0},"end":{"line":5,"column":54}},"5":{"start":{"line":12,"column":7},"end":{"line":122,"column":null}},"6":{"start":{"line":14,"column":12},"end":{"line":14,"column":26}},"7":{"start":{"line":15,"column":12},"end":{"line":15,"column":24}},"8":{"start":{"line":16,"column":12},"end":{"line":16,"column":27}},"9":{"start":{"line":20,"column":17},"end":{"line":20,"column":59}},"10":{"start":{"line":22,"column":4},"end":{"line":24,"column":5}},"11":{"start":{"line":23,"column":6},"end":{"line":23,"column":18}},"12":{"start":{"line":26,"column":4},"end":{"line":28,"column":5}},"13":{"start":{"line":27,"column":6},"end":{"line":27,"column":69}},"14":{"start":{"line":30,"column":28},"end":{"line":30,"column":73}},"15":{"start":{"line":32,"column":4},"end":{"line":34,"column":5}},"16":{"start":{"line":33,"column":6},"end":{"line":33,"column":18}},"17":{"start":{"line":37,"column":39},"end":{"line":37,"column":43}},"18":{"start":{"line":38,"column":4},"end":{"line":38,"column":18}},"19":{"start":{"line":42,"column":17},"end":{"line":42,"column":75}},"20":{"start":{"line":44,"column":4},"end":{"line":46,"column":5}},"21":{"start":{"line":45,"column":6},"end":{"line":45,"column":61}},"22":{"start":{"line":49,"column":4},"end":{"line":49,"column":53}},"23":{"start":{"line":51,"column":32},"end":{"line":55,"column":6}},"24":{"start":{"line":57,"column":24},"end":{"line":57,"column":53}},"25":{"start":{"line":59,"column":4},"end":{"line":73,"column":6}},"26":{"start":{"line":78,"column":25},"end":{"line":78,"column":79}},"27":{"start":{"line":80,"column":4},"end":{"line":82,"column":5}},"28":{"start":{"line":81,"column":6},"end":{"line":81,"column":73}},"29":{"start":{"line":85,"column":23},"end":{"line":85,"column":25}},"30":{"start":{"line":86,"column":27},"end":{"line":86,"column":78}},"31":{"start":{"line":89,"column":21},"end":{"line":92,"column":6}},"32":{"start":{"line":94,"column":17},"end":{"line":94,"column":57}},"33":{"start":{"line":97,"column":39},"end":{"line":97,"column":43}},"34":{"start":{"line":98,"column":4},"end":{"line":98,"column":26}},"35":{"start":{"line":102,"column":32},"end":{"line":106,"column":6}},"36":{"start":{"line":108,"column":24},"end":{"line":108,"column":53}},"37":{"start":{"line":110,"column":4},"end":{"line":114,"column":6}},"38":{"start":{"line":120,"column":4},"end":{"line":120,"column":50}},"39":{"start":{"line":12,"column":13},"end":{"line":12,"column":24}},"40":{"start":{"line":12,"column":13},"end":{"line":122,"column":null}}},"fnMap":{"0":{"name":"(anonymous_2)","decl":{"start":{"line":13,"column":2},"end":{"line":13,"column":null}},"loc":{"start":{"line":16,"column":40},"end":{"line":17,"column":6}}},"1":{"name":"(anonymous_3)","decl":{"start":{"line":19,"column":2},"end":{"line":19,"column":7}},"loc":{"start":{"line":19,"column":52},"end":{"line":39,"column":3}}},"2":{"name":"(anonymous_4)","decl":{"start":{"line":41,"column":2},"end":{"line":41,"column":7}},"loc":{"start":{"line":41,"column":32},"end":{"line":74,"column":3}}},"3":{"name":"(anonymous_5)","decl":{"start":{"line":76,"column":2},"end":{"line":76,"column":7}},"loc":{"start":{"line":76,"column":41},"end":{"line":99,"column":3}}},"4":{"name":"(anonymous_6)","decl":{"start":{"line":101,"column":2},"end":{"line":101,"column":7}},"loc":{"start":{"line":101,"column":30},"end":{"line":115,"column":3}}},"5":{"name":"(anonymous_7)","decl":{"start":{"line":117,"column":2},"end":{"line":117,"column":7}},"loc":{"start":{"line":117,"column":29},"end":{"line":121,"column":3}}}},"branchMap":{"0":{"loc":{"start":{"line":22,"column":4},"end":{"line":24,"column":5}},"type":"if","locations":[{"start":{"line":22,"column":4},"end":{"line":24,"column":5}}]},"1":{"loc":{"start":{"line":26,"column":4},"end":{"line":28,"column":5}},"type":"if","locations":[{"start":{"line":26,"column":4},"end":{"line":28,"column":5}}]},"2":{"loc":{"start":{"line":32,"column":4},"end":{"line":34,"column":5}},"type":"if","locations":[{"start":{"line":32,"column":4},"end":{"line":34,"column":5}}]},"3":{"loc":{"start":{"line":44,"column":4},"end":{"line":46,"column":5}},"type":"if","locations":[{"start":{"line":44,"column":4},"end":{"line":46,"column":5}}]},"4":{"loc":{"start":{"line":80,"column":4},"end":{"line":82,"column":5}},"type":"if","locations":[{"start":{"line":80,"column":4},"end":{"line":82,"column":5}}]}},"s":{"0":2,"1":2,"2":2,"3":2,"4":2,"5":2,"6":2,"7":2,"8":2,"9":4,"10":4,"11":0,"12":4,"13":0,"14":4,"15":4,"16":0,"17":4,"18":4,"19":2,"20":2,"21":0,"22":2,"23":2,"24":2,"25":2,"26":0,"27":0,"28":0,"29":0,"30":0,"31":0,"32":0,"33":0,"34":0,"35":0,"36":0,"37":0,"38":0,"39":2,"40":2},"f":{"0":2,"1":4,"2":2,"3":0,"4":0,"5":0},"b":{"0":[0],"1":[0],"2":[0],"3":[0],"4":[0]}}
,"/Users/nikhil.c_awg/Documents/GitHub/doc-management-nest-backend/src/auth/decorators/public.decorator.ts": {"path":"/Users/nikhil.c_awg/Documents/GitHub/doc-management-nest-backend/src/auth/decorators/public.decorator.ts","statementMap":{"0":{"start":{"line":1,"column":0},"end":{"line":1,"column":45}},"1":{"start":{"line":3,"column":13},"end":{"line":3,"column":40}},"2":{"start":{"line":4,"column":22},"end":{"line":4,"column":60}},"3":{"start":{"line":4,"column":28},"end":{"line":4,"column":60}},"4":{"start":{"line":4,"column":13},"end":{"line":4,"column":22}}},"fnMap":{"0":{"name":"(anonymous_0)","decl":{"start":{"line":4,"column":22},"end":{"line":4,"column":25}},"loc":{"start":{"line":4,"column":28},"end":{"line":4,"column":60}}}},"branchMap":{},"s":{"0":2,"1":2,"2":2,"3":4,"4":2},"f":{"0":4},"b":{}}
,"/Users/nikhil.c_awg/Documents/GitHub/doc-management-nest-backend/src/auth/decorators/roles.decorator.ts": {"path":"/Users/nikhil.c_awg/Documents/GitHub/doc-management-nest-backend/src/auth/decorators/roles.decorator.ts","statementMap":{"0":{"start":{"line":1,"column":0},"end":{"line":1,"column":45}},"1":{"start":{"line":4,"column":13},"end":{"line":4,"column":33}},"2":{"start":{"line":5,"column":21},"end":{"line":5,"column":76}},"3":{"start":{"line":5,"column":47},"end":{"line":5,"column":76}},"4":{"start":{"line":5,"column":13},"end":{"line":5,"column":21}}},"fnMap":{"0":{"name":"(anonymous_0)","decl":{"start":{"line":5,"column":21},"end":{"line":5,"column":22}},"loc":{"start":{"line":5,"column":47},"end":{"line":5,"column":76}}}},"branchMap":{},"s":{"0":2,"1":2,"2":2,"3":36,"4":2},"f":{"0":36},"b":{}}
,"/Users/nikhil.c_awg/Documents/GitHub/doc-management-nest-backend/src/auth/guards/jwt-auth.guard.ts": {"path":"/Users/nikhil.c_awg/Documents/GitHub/doc-management-nest-backend/src/auth/guards/jwt-auth.guard.ts","statementMap":{"0":{"start":{"line":1,"column":0},"end":{"line":1,"column":62}},"1":{"start":{"line":2,"column":0},"end":{"line":2,"column":45}},"2":{"start":{"line":3,"column":0},"end":{"line":3,"column":41}},"3":{"start":{"line":4,"column":0},"end":{"line":4,"column":63}},"4":{"start":{"line":7,"column":7},"end":{"line":24,"column":null}},"5":{"start":{"line":9,"column":4},"end":{"line":9,"column":12}},"6":{"start":{"line":8,"column":22},"end":{"line":8,"column":33}},"7":{"start":{"line":13,"column":21},"end":{"line":16,"column":6}},"8":{"start":{"line":18,"column":4},"end":{"line":20,"column":5}},"9":{"start":{"line":19,"column":6},"end":{"line":19,"column":18}},"10":{"start":{"line":22,"column":4},"end":{"line":22,"column":38}},"11":{"start":{"line":7,"column":13},"end":{"line":7,"column":25}},"12":{"start":{"line":7,"column":13},"end":{"line":24,"column":null}}},"fnMap":{"0":{"name":"(anonymous_2)","decl":{"start":{"line":8,"column":2},"end":{"line":8,"column":22}},"loc":{"start":{"line":8,"column":42},"end":{"line":10,"column":3}}},"1":{"name":"(anonymous_3)","decl":{"start":{"line":12,"column":2},"end":{"line":12,"column":13}},"loc":{"start":{"line":12,"column":39},"end":{"line":23,"column":3}}}},"branchMap":{"0":{"loc":{"start":{"line":18,"column":4},"end":{"line":20,"column":5}},"type":"if","locations":[{"start":{"line":18,"column":4},"end":{"line":20,"column":5}}]}},"s":{"0":2,"1":2,"2":2,"3":2,"4":2,"5":10,"6":10,"7":15,"8":15,"9":2,"10":13,"11":2,"12":2},"f":{"0":10,"1":15},"b":{"0":[2]}}
,"/Users/nikhil.c_awg/Documents/GitHub/doc-management-nest-backend/src/auth/guards/local-auth.guard.ts": {"path":"/Users/nikhil.c_awg/Documents/GitHub/doc-management-nest-backend/src/auth/guards/local-auth.guard.ts","statementMap":{"0":{"start":{"line":1,"column":0},"end":{"line":1,"column":44}},"1":{"start":{"line":2,"column":0},"end":{"line":2,"column":45}},"2":{"start":{"line":5,"column":7},"end":{"line":5,"column":null}},"3":{"start":{"line":5,"column":13},"end":{"line":5,"column":27}},"4":{"start":{"line":5,"column":13},"end":{"line":5,"column":null}}},"fnMap":{},"branchMap":{},"s":{"0":2,"1":2,"2":2,"3":2,"4":2},"f":{},"b":{}}
,"/Users/nikhil.c_awg/Documents/GitHub/doc-management-nest-backend/src/auth/guards/roles.guard.ts": {"path":"/Users/nikhil.c_awg/Documents/GitHub/doc-management-nest-backend/src/auth/guards/roles.guard.ts","statementMap":{"0":{"start":{"line":1,"column":0},"end":{"line":1,"column":75}},"1":{"start":{"line":2,"column":0},"end":{"line":2,"column":41}},"2":{"start":{"line":3,"column":0},"end":{"line":3,"column":58}},"3":{"start":{"line":7,"column":7},"end":{"line":28,"column":null}},"4":{"start":{"line":8,"column":22},"end":{"line":8,"column":33}},"5":{"start":{"line":11,"column":26},"end":{"line":14,"column":6}},"6":{"start":{"line":16,"column":4},"end":{"line":18,"column":5}},"7":{"start":{"line":17,"column":6},"end":{"line":17,"column":18}},"8":{"start":{"line":20,"column":21},"end":{"line":20,"column":56}},"9":{"start":{"line":22,"column":4},"end":{"line":24,"column":5}},"10":{"start":{"line":23,"column":6},"end":{"line":23,"column":19}},"11":{"start":{"line":26,"column":4},"end":{"line":26,"column":60}},"12":{"start":{"line":26,"column":40},"end":{"line":26,"column":58}},"13":{"start":{"line":7,"column":13},"end":{"line":7,"column":23}},"14":{"start":{"line":7,"column":13},"end":{"line":28,"column":null}}},"fnMap":{"0":{"name":"(anonymous_2)","decl":{"start":{"line":8,"column":2},"end":{"line":8,"column":22}},"loc":{"start":{"line":8,"column":42},"end":{"line":8,"column":46}}},"1":{"name":"(anonymous_3)","decl":{"start":{"line":10,"column":2},"end":{"line":10,"column":13}},"loc":{"start":{"line":10,"column":39},"end":{"line":27,"column":3}}},"2":{"name":"(anonymous_4)","decl":{"start":{"line":26,"column":30},"end":{"line":26,"column":31}},"loc":{"start":{"line":26,"column":40},"end":{"line":26,"column":58}}}},"branchMap":{"0":{"loc":{"start":{"line":16,"column":4},"end":{"line":18,"column":5}},"type":"if","locations":[{"start":{"line":16,"column":4},"end":{"line":18,"column":5}}]},"1":{"loc":{"start":{"line":22,"column":4},"end":{"line":24,"column":5}},"type":"if","locations":[{"start":{"line":22,"column":4},"end":{"line":24,"column":5}}]}},"s":{"0":2,"1":2,"2":2,"3":2,"4":8,"5":14,"6":14,"7":4,"8":10,"9":10,"10":0,"11":10,"12":20,"13":2,"14":2},"f":{"0":8,"1":14,"2":20},"b":{"0":[4],"1":[0]}}
,"/Users/nikhil.c_awg/Documents/GitHub/doc-management-nest-backend/src/auth/strategies/jwt.strategy.ts": {"path":"/Users/nikhil.c_awg/Documents/GitHub/doc-management-nest-backend/src/auth/strategies/jwt.strategy.ts","statementMap":{"0":{"start":{"line":1,"column":0},"end":{"line":1,"column":67}},"1":{"start":{"line":2,"column":0},"end":{"line":2,"column":52}},"2":{"start":{"line":3,"column":0},"end":{"line":3,"column":52}},"3":{"start":{"line":4,"column":0},"end":{"line":4,"column":47}},"4":{"start":{"line":5,"column":0},"end":{"line":5,"column":57}},"5":{"start":{"line":16,"column":7},"end":{"line":49,"column":null}},"6":{"start":{"line":21,"column":4},"end":{"line":25,"column":7}},"7":{"start":{"line":18,"column":12},"end":{"line":18,"column":27}},"8":{"start":{"line":19,"column":12},"end":{"line":19,"column":26}},"9":{"start":{"line":29,"column":17},"end":{"line":29,"column":62}},"10":{"start":{"line":31,"column":4},"end":{"line":33,"column":5}},"11":{"start":{"line":32,"column":6},"end":{"line":32,"column":56}},"12":{"start":{"line":35,"column":4},"end":{"line":37,"column":5}},"13":{"start":{"line":36,"column":6},"end":{"line":36,"column":69}},"14":{"start":{"line":40,"column":4},"end":{"line":47,"column":6}},"15":{"start":{"line":16,"column":13},"end":{"line":16,"column":24}},"16":{"start":{"line":16,"column":13},"end":{"line":49,"column":null}}},"fnMap":{"0":{"name":"(anonymous_2)","decl":{"start":{"line":17,"column":2},"end":{"line":17,"column":null}},"loc":{"start":{"line":19,"column":38},"end":{"line":26,"column":3}}},"1":{"name":"(anonymous_3)","decl":{"start":{"line":28,"column":2},"end":{"line":28,"column":7}},"loc":{"start":{"line":28,"column":36},"end":{"line":48,"column":3}}}},"branchMap":{"0":{"loc":{"start":{"line":31,"column":4},"end":{"line":33,"column":5}},"type":"if","locations":[{"start":{"line":31,"column":4},"end":{"line":33,"column":5}}]},"1":{"loc":{"start":{"line":35,"column":4},"end":{"line":37,"column":5}},"type":"if","locations":[{"start":{"line":35,"column":4},"end":{"line":37,"column":5}}]}},"s":{"0":2,"1":2,"2":2,"3":2,"4":2,"5":2,"6":2,"7":2,"8":2,"9":12,"10":12,"11":0,"12":12,"13":0,"14":12,"15":2,"16":2},"f":{"0":2,"1":12},"b":{"0":[0],"1":[0]}}
,"/Users/nikhil.c_awg/Documents/GitHub/doc-management-nest-backend/src/auth/strategies/local.strategy.ts": {"path":"/Users/nikhil.c_awg/Documents/GitHub/doc-management-nest-backend/src/auth/strategies/local.strategy.ts","statementMap":{"0":{"start":{"line":1,"column":0},"end":{"line":1,"column":67}},"1":{"start":{"line":2,"column":0},"end":{"line":2,"column":52}},"2":{"start":{"line":3,"column":0},"end":{"line":3,"column":42}},"3":{"start":{"line":4,"column":0},"end":{"line":4,"column":46}},"4":{"start":{"line":7,"column":7},"end":{"line":24,"column":null}},"5":{"start":{"line":9,"column":4},"end":{"line":12,"column":7}},"6":{"start":{"line":8,"column":22},"end":{"line":8,"column":35}},"7":{"start":{"line":16,"column":17},"end":{"line":16,"column":69}},"8":{"start":{"line":18,"column":4},"end":{"line":20,"column":5}},"9":{"start":{"line":19,"column":6},"end":{"line":19,"column":61}},"10":{"start":{"line":22,"column":4},"end":{"line":22,"column":16}},"11":{"start":{"line":7,"column":13},"end":{"line":7,"column":26}},"12":{"start":{"line":7,"column":13},"end":{"line":24,"column":null}}},"fnMap":{"0":{"name":"(anonymous_2)","decl":{"start":{"line":8,"column":2},"end":{"line":8,"column":22}},"loc":{"start":{"line":8,"column":46},"end":{"line":13,"column":3}}},"1":{"name":"(anonymous_3)","decl":{"start":{"line":15,"column":2},"end":{"line":15,"column":7}},"loc":{"start":{"line":15,"column":48},"end":{"line":23,"column":3}}}},"branchMap":{"0":{"loc":{"start":{"line":18,"column":4},"end":{"line":20,"column":5}},"type":"if","locations":[{"start":{"line":18,"column":4},"end":{"line":20,"column":5}}]}},"s":{"0":2,"1":2,"2":2,"3":2,"4":2,"5":2,"6":2,"7":2,"8":2,"9":0,"10":2,"11":2,"12":2},"f":{"0":2,"1":2},"b":{"0":[0]}}
,"/Users/nikhil.c_awg/Documents/GitHub/doc-management-nest-backend/src/database/data-source.ts": {"path":"/Users/nikhil.c_awg/Documents/GitHub/doc-management-nest-backend/src/database/data-source.ts","statementMap":{"0":{"start":{"line":1,"column":0},"end":{"line":1,"column":37}},"1":{"start":{"line":2,"column":0},"end":{"line":2,"column":47}},"2":{"start":{"line":3,"column":0},"end":{"line":3,"column":32}},"3":{"start":{"line":5,"column":0},"end":{"line":5,"column":9}},"4":{"start":{"line":7,"column":22},"end":{"line":7,"column":41}},"5":{"start":{"line":9,"column":13},"end":{"line":21,"column":3}}},"fnMap":{},"branchMap":{"0":{"loc":{"start":{"line":20,"column":7},"end":{"line":20,"column":93}},"type":"cond-expr","locations":[{"start":{"line":20,"column":56},"end":{"line":20,"column":85}},{"start":{"line":20,"column":88},"end":{"line":20,"column":93}}]}},"s":{"0":0,"1":0,"2":0,"3":0,"4":0,"5":0},"f":{},"b":{"0":[0,0]}}
,"/Users/nikhil.c_awg/Documents/GitHub/doc-management-nest-backend/src/documents/documents-demo.controller.ts": {"path":"/Users/nikhil.c_awg/Documents/GitHub/doc-management-nest-backend/src/documents/documents-demo.controller.ts","statementMap":{"0":{"start":{"line":1,"column":0},"end":{"line":1,"column":null}},"1":{"start":{"line":14,"column":0},"end":{"line":14,"column":59}},"2":{"start":{"line":15,"column":0},"end":{"line":15,"column":null}},"3":{"start":{"line":25,"column":0},"end":{"line":25,"column":37}},"4":{"start":{"line":26,"column":0},"end":{"line":26,"column":31}},"5":{"start":{"line":27,"column":0},"end":{"line":27,"column":61}},"6":{"start":{"line":44,"column":7},"end":{"line":486,"column":null}},"7":{"start":{"line":45,"column":10},"end":{"line":103,"column":4}},"8":{"start":{"line":175,"column":25},"end":{"line":175,"column":103}},"9":{"start":{"line":177,"column":24},"end":{"line":195,"column":6}},"10":{"start":{"line":197,"column":4},"end":{"line":197,"column":41}},"11":{"start":{"line":199,"column":4},"end":{"line":202,"column":6}},"12":{"start":{"line":223,"column":28},"end":{"line":223,"column":51}},"13":{"start":{"line":226,"column":4},"end":{"line":233,"column":5}},"14":{"start":{"line":227,"column":26},"end":{"line":227,"column":46}},"15":{"start":{"line":228,"column":6},"end":{"line":232,"column":8}},"16":{"start":{"line":229,"column":8},"end":{"line":231,"column":56}},"17":{"start":{"line":235,"column":4},"end":{"line":237,"column":5}},"18":{"start":{"line":236,"column":6},"end":{"line":236,"column":81}},"19":{"start":{"line":236,"column":58},"end":{"line":236,"column":79}},"20":{"start":{"line":239,"column":4},"end":{"line":241,"column":5}},"21":{"start":{"line":240,"column":6},"end":{"line":240,"column":93}},"22":{"start":{"line":240,"column":58},"end":{"line":240,"column":91}},"23":{"start":{"line":243,"column":4},"end":{"line":245,"column":5}},"24":{"start":{"line":244,"column":6},"end":{"line":244,"column":88}},"25":{"start":{"line":244,"column":58},"end":{"line":244,"column":86}},"26":{"start":{"line":248,"column":17},"end":{"line":248,"column":35}},"27":{"start":{"line":249,"column":31},"end":{"line":249,"column":74}},"28":{"start":{"line":251,"column":4},"end":{"line":257,"column":6}},"29":{"start":{"line":296,"column":18},"end":{"line":296,"column":43}},"30":{"start":{"line":297,"column":22},"end":{"line":297,"column":84}},"31":{"start":{"line":297,"column":62},"end":{"line":297,"column":80}},"32":{"start":{"line":299,"column":21},"end":{"line":304,"column":6}},"33":{"start":{"line":300,"column":49},"end":{"line":300,"column":74}},"34":{"start":{"line":301,"column":51},"end":{"line":301,"column":78}},"35":{"start":{"line":302,"column":50},"end":{"line":302,"column":76}},"36":{"start":{"line":303,"column":46},"end":{"line":303,"column":68}},"37":{"start":{"line":306,"column":19},"end":{"line":313,"column":6}},"38":{"start":{"line":307,"column":44},"end":{"line":307,"column":70}},"39":{"start":{"line":308,"column":45},"end":{"line":308,"column":72}},"40":{"start":{"line":309,"column":45},"end":{"line":309,"column":72}},"41":{"start":{"line":310,"column":45},"end":{"line":310,"column":72}},"42":{"start":{"line":311,"column":49},"end":{"line":311,"column":80}},"43":{"start":{"line":312,"column":46},"end":{"line":312,"column":74}},"44":{"start":{"line":315,"column":4},"end":{"line":321,"column":6}},"45":{"start":{"line":331,"column":21},"end":{"line":331,"column":66}},"46":{"start":{"line":331,"column":52},"end":{"line":331,"column":65}},"47":{"start":{"line":333,"column":4},"end":{"line":339,"column":5}},"48":{"start":{"line":334,"column":6},"end":{"line":338,"column":8}},"49":{"start":{"line":341,"column":4},"end":{"line":344,"column":6}},"50":{"start":{"line":354,"column":21},"end":{"line":354,"column":66}},"51":{"start":{"line":354,"column":52},"end":{"line":354,"column":65}},"52":{"start":{"line":356,"column":4},"end":{"line":362,"column":5}},"53":{"start":{"line":357,"column":6},"end":{"line":361,"column":8}},"54":{"start":{"line":364,"column":4},"end":{"line":374,"column":6}},"55":{"start":{"line":385,"column":26},"end":{"line":385,"column":76}},"56":{"start":{"line":385,"column":62},"end":{"line":385,"column":75}},"57":{"start":{"line":387,"column":4},"end":{"line":393,"column":5}},"58":{"start":{"line":388,"column":6},"end":{"line":392,"column":8}},"59":{"start":{"line":396,"column":4},"end":{"line":400,"column":6}},"60":{"start":{"line":402,"column":4},"end":{"line":405,"column":6}},"61":{"start":{"line":428,"column":26},"end":{"line":428,"column":76}},"62":{"start":{"line":428,"column":62},"end":{"line":428,"column":75}},"63":{"start":{"line":430,"column":4},"end":{"line":436,"column":5}},"64":{"start":{"line":431,"column":6},"end":{"line":435,"column":8}},"65":{"start":{"line":438,"column":4},"end":{"line":438,"column":54}},"66":{"start":{"line":439,"column":4},"end":{"line":439,"column":75}},"67":{"start":{"line":441,"column":4},"end":{"line":444,"column":6}},"68":{"start":{"line":455,"column":26},"end":{"line":455,"column":76}},"69":{"start":{"line":455,"column":62},"end":{"line":455,"column":75}},"70":{"start":{"line":457,"column":4},"end":{"line":463,"column":5}},"71":{"start":{"line":458,"column":6},"end":{"line":462,"column":8}},"72":{"start":{"line":465,"column":28},"end":{"line":465,"column":74}},"73":{"start":{"line":467,"column":4},"end":{"line":470,"column":6}},"74":{"start":{"line":474,"column":44},"end":{"line":482,"column":6}},"75":{"start":{"line":484,"column":4},"end":{"line":484,"column":40}},"76":{"start":{"line":44,"column":13},"end":{"line":44,"column":36}},"77":{"start":{"line":170,"column":8},"end":{"line":203,"column":null}},"78":{"start":{"line":112,"column":29},"end":{"line":115,"column":21}},"79":{"start":{"line":114,"column":23},"end":{"line":114,"column":66}},"80":{"start":{"line":116,"column":10},"end":{"line":116,"column":65}},"81":{"start":{"line":120,"column":33},"end":{"line":128,"column":10}},"82":{"start":{"line":130,"column":8},"end":{"line":134,"column":9}},"83":{"start":{"line":131,"column":10},"end":{"line":131,"column":25}},"84":{"start":{"line":133,"column":10},"end":{"line":133,"column":52}},"85":{"start":{"line":215,"column":2},"end":{"line":258,"column":null}},"86":{"start":{"line":295,"column":2},"end":{"line":322,"column":null}},"87":{"start":{"line":330,"column":2},"end":{"line":345,"column":null}},"88":{"start":{"line":353,"column":8},"end":{"line":375,"column":null}},"89":{"start":{"line":384,"column":2},"end":{"line":406,"column":null}},"90":{"start":{"line":427,"column":2},"end":{"line":445,"column":null}},"91":{"start":{"line":454,"column":2},"end":{"line":471,"column":null}},"92":{"start":{"line":44,"column":13},"end":{"line":486,"column":null}}},"fnMap":{"0":{"name":"(anonymous_4)","decl":{"start":{"line":44,"column":7},"end":{"line":44,"column":13}},"loc":{"start":{"line":44,"column":7},"end":{"line":486,"column":1}}},"1":{"name":"(anonymous_5)","decl":{"start":{"line":170,"column":2},"end":{"line":170,"column":7}},"loc":{"start":{"line":172,"column":48},"end":{"line":203,"column":3}}},"2":{"name":"(anonymous_6)","decl":{"start":{"line":215,"column":2},"end":{"line":215,"column":9}},"loc":{"start":{"line":221,"column":36},"end":{"line":258,"column":3}}},"3":{"name":"(anonymous_7)","decl":{"start":{"line":228,"column":51},"end":{"line":228,"column":54}},"loc":{"start":{"line":229,"column":8},"end":{"line":231,"column":56}}},"4":{"name":"(anonymous_8)","decl":{"start":{"line":236,"column":51},"end":{"line":236,"column":54}},"loc":{"start":{"line":236,"column":58},"end":{"line":236,"column":79}}},"5":{"name":"(anonymous_9)","decl":{"start":{"line":240,"column":51},"end":{"line":240,"column":54}},"loc":{"start":{"line":240,"column":58},"end":{"line":240,"column":91}}},"6":{"name":"(anonymous_10)","decl":{"start":{"line":244,"column":51},"end":{"line":244,"column":54}},"loc":{"start":{"line":244,"column":58},"end":{"line":244,"column":86}}},"7":{"name":"(anonymous_11)","decl":{"start":{"line":295,"column":2},"end":{"line":295,"column":10}},"loc":{"start":{"line":295,"column":10},"end":{"line":322,"column":3}}},"8":{"name":"(anonymous_12)","decl":{"start":{"line":297,"column":48},"end":{"line":297,"column":49}},"loc":{"start":{"line":297,"column":62},"end":{"line":297,"column":80}}},"9":{"name":"(anonymous_13)","decl":{"start":{"line":300,"column":42},"end":{"line":300,"column":45}},"loc":{"start":{"line":300,"column":49},"end":{"line":300,"column":74}}},"10":{"name":"(anonymous_14)","decl":{"start":{"line":301,"column":44},"end":{"line":301,"column":47}},"loc":{"start":{"line":301,"column":51},"end":{"line":301,"column":78}}},"11":{"name":"(anonymous_15)","decl":{"start":{"line":302,"column":43},"end":{"line":302,"column":46}},"loc":{"start":{"line":302,"column":50},"end":{"line":302,"column":76}}},"12":{"name":"(anonymous_16)","decl":{"start":{"line":303,"column":39},"end":{"line":303,"column":42}},"loc":{"start":{"line":303,"column":46},"end":{"line":303,"column":68}}},"13":{"name":"(anonymous_17)","decl":{"start":{"line":307,"column":37},"end":{"line":307,"column":40}},"loc":{"start":{"line":307,"column":44},"end":{"line":307,"column":70}}},"14":{"name":"(anonymous_18)","decl":{"start":{"line":308,"column":38},"end":{"line":308,"column":41}},"loc":{"start":{"line":308,"column":45},"end":{"line":308,"column":72}}},"15":{"name":"(anonymous_19)","decl":{"start":{"line":309,"column":38},"end":{"line":309,"column":41}},"loc":{"start":{"line":309,"column":45},"end":{"line":309,"column":72}}},"16":{"name":"(anonymous_20)","decl":{"start":{"line":310,"column":38},"end":{"line":310,"column":41}},"loc":{"start":{"line":310,"column":45},"end":{"line":310,"column":72}}},"17":{"name":"(anonymous_21)","decl":{"start":{"line":311,"column":42},"end":{"line":311,"column":45}},"loc":{"start":{"line":311,"column":49},"end":{"line":311,"column":80}}},"18":{"name":"(anonymous_22)","decl":{"start":{"line":312,"column":39},"end":{"line":312,"column":42}},"loc":{"start":{"line":312,"column":46},"end":{"line":312,"column":74}}},"19":{"name":"(anonymous_23)","decl":{"start":{"line":330,"column":2},"end":{"line":330,"column":9}},"loc":{"start":{"line":330,"column":33},"end":{"line":345,"column":3}}},"20":{"name":"(anonymous_24)","decl":{"start":{"line":331,"column":45},"end":{"line":331,"column":48}},"loc":{"start":{"line":331,"column":52},"end":{"line":331,"column":65}}},"21":{"name":"(anonymous_25)","decl":{"start":{"line":353,"column":2},"end":{"line":353,"column":7}},"loc":{"start":{"line":353,"column":48},"end":{"line":375,"column":3}}},"22":{"name":"(anonymous_26)","decl":{"start":{"line":354,"column":45},"end":{"line":354,"column":48}},"loc":{"start":{"line":354,"column":52},"end":{"line":354,"column":65}}},"23":{"name":"(anonymous_27)","decl":{"start":{"line":384,"column":2},"end":{"line":384,"column":8}},"loc":{"start":{"line":384,"column":78},"end":{"line":406,"column":3}}},"24":{"name":"(anonymous_28)","decl":{"start":{"line":385,"column":55},"end":{"line":385,"column":58}},"loc":{"start":{"line":385,"column":62},"end":{"line":385,"column":75}}},"25":{"name":"(anonymous_29)","decl":{"start":{"line":427,"column":2},"end":{"line":427,"column":14}},"loc":{"start":{"line":427,"column":70},"end":{"line":445,"column":3}}},"26":{"name":"(anonymous_30)","decl":{"start":{"line":428,"column":55},"end":{"line":428,"column":58}},"loc":{"start":{"line":428,"column":62},"end":{"line":428,"column":75}}},"27":{"name":"(anonymous_31)","decl":{"start":{"line":454,"column":2},"end":{"line":454,"column":8}},"loc":{"start":{"line":454,"column":32},"end":{"line":471,"column":3}}},"28":{"name":"(anonymous_32)","decl":{"start":{"line":455,"column":55},"end":{"line":455,"column":58}},"loc":{"start":{"line":455,"column":62},"end":{"line":455,"column":75}}},"29":{"name":"(anonymous_33)","decl":{"start":{"line":473,"column":10},"end":{"line":473,"column":37}},"loc":{"start":{"line":473,"column":54},"end":{"line":485,"column":3}}},"30":{"name":"(anonymous_34)","decl":{"start":{"line":111,"column":18},"end":{"line":111,"column":19}},"loc":{"start":{"line":111,"column":36},"end":{"line":117,"column":9}}},"31":{"name":"(anonymous_35)","decl":{"start":{"line":114,"column":17},"end":{"line":114,"column":20}},"loc":{"start":{"line":114,"column":23},"end":{"line":114,"column":66}}},"32":{"name":"(anonymous_36)","decl":{"start":{"line":119,"column":18},"end":{"line":119,"column":19}},"loc":{"start":{"line":119,"column":36},"end":{"line":135,"column":7}}}},"branchMap":{"0":{"loc":{"start":{"line":175,"column":58},"end":{"line":175,"column":102}},"type":"binary-expr","locations":[{"start":{"line":175,"column":58},"end":{"line":175,"column":72}},{"start":{"line":175,"column":76},"end":{"line":175,"column":102}}]},"1":{"loc":{"start":{"line":180,"column":19},"end":{"line":180,"column":54}},"type":"binary-expr","locations":[{"start":{"line":180,"column":19},"end":{"line":180,"column":48}},{"start":{"line":180,"column":52},"end":{"line":180,"column":54}}]},"2":{"loc":{"start":{"line":181,"column":16},"end":{"line":181,"column":53}},"type":"binary-expr","locations":[{"start":{"line":181,"column":16},"end":{"line":181,"column":34}},{"start":{"line":181,"column":38},"end":{"line":181,"column":53}}]},"3":{"loc":{"start":{"line":182,"column":16},"end":{"line":182,"column":54}},"type":"binary-expr","locations":[{"start":{"line":182,"column":16},"end":{"line":182,"column":26}},{"start":{"line":182,"column":30},"end":{"line":182,"column":54}}]},"4":{"loc":{"start":{"line":183,"column":16},"end":{"line":183,"column":51}},"type":"binary-expr","locations":[{"start":{"line":183,"column":16},"end":{"line":183,"column":30}},{"start":{"line":183,"column":34},"end":{"line":183,"column":51}}]},"5":{"loc":{"start":{"line":184,"column":16},"end":{"line":184,"column":37}},"type":"binary-expr","locations":[{"start":{"line":184,"column":16},"end":{"line":184,"column":26}},{"start":{"line":184,"column":30},"end":{"line":184,"column":37}}]},"6":{"loc":{"start":{"line":185,"column":20},"end":{"line":185,"column":66}},"type":"binary-expr","locations":[{"start":{"line":185,"column":20},"end":{"line":185,"column":50}},{"start":{"line":185,"column":54},"end":{"line":185,"column":66}}]},"7":{"loc":{"start":{"line":216,"column":57},"end":{"line":216,"column":73}},"type":"default-arg","locations":[{"start":{"line":216,"column":72},"end":{"line":216,"column":73}}]},"8":{"loc":{"start":{"line":217,"column":58},"end":{"line":217,"column":76}},"type":"default-arg","locations":[{"start":{"line":217,"column":74},"end":{"line":217,"column":76}}]},"9":{"loc":{"start":{"line":226,"column":4},"end":{"line":233,"column":5}},"type":"if","locations":[{"start":{"line":226,"column":4},"end":{"line":233,"column":5}}]},"10":{"loc":{"start":{"line":229,"column":8},"end":{"line":231,"column":56}},"type":"binary-expr","locations":[{"start":{"line":229,"column":8},"end":{"line":229,"column":53}},{"start":{"line":230,"column":8},"end":{"line":230,"column":59}},{"start":{"line":231,"column":8},"end":{"line":231,"column":56}}]},"11":{"loc":{"start":{"line":235,"column":4},"end":{"line":237,"column":5}},"type":"if","locations":[{"start":{"line":235,"column":4},"end":{"line":237,"column":5}}]},"12":{"loc":{"start":{"line":239,"column":4},"end":{"line":241,"column":5}},"type":"if","locations":[{"start":{"line":239,"column":4},"end":{"line":241,"column":5}}]},"13":{"loc":{"start":{"line":243,"column":4},"end":{"line":245,"column":5}},"type":"if","locations":[{"start":{"line":243,"column":4},"end":{"line":245,"column":5}}]},"14":{"loc":{"start":{"line":333,"column":4},"end":{"line":339,"column":5}},"type":"if","locations":[{"start":{"line":333,"column":4},"end":{"line":339,"column":5}}]},"15":{"loc":{"start":{"line":356,"column":4},"end":{"line":362,"column":5}},"type":"if","locations":[{"start":{"line":356,"column":4},"end":{"line":362,"column":5}}]},"16":{"loc":{"start":{"line":387,"column":4},"end":{"line":393,"column":5}},"type":"if","locations":[{"start":{"line":387,"column":4},"end":{"line":393,"column":5}}]},"17":{"loc":{"start":{"line":430,"column":4},"end":{"line":436,"column":5}},"type":"if","locations":[{"start":{"line":430,"column":4},"end":{"line":436,"column":5}}]},"18":{"loc":{"start":{"line":457,"column":4},"end":{"line":463,"column":5}},"type":"if","locations":[{"start":{"line":457,"column":4},"end":{"line":463,"column":5}}]},"19":{"loc":{"start":{"line":484,"column":11},"end":{"line":484,"column":39}},"type":"binary-expr","locations":[{"start":{"line":484,"column":11},"end":{"line":484,"column":28}},{"start":{"line":484,"column":32},"end":{"line":484,"column":39}}]},"20":{"loc":{"start":{"line":130,"column":8},"end":{"line":134,"column":9}},"type":"if","locations":[{"start":{"line":130,"column":8},"end":{"line":134,"column":9}},{"start":{"line":132,"column":15},"end":{"line":134,"column":9}}]}},"s":{"0":0,"1":0,"2":0,"3":0,"4":0,"5":0,"6":0,"7":0,"8":0,"9":0,"10":0,"11":0,"12":0,"13":0,"14":0,"15":0,"16":0,"17":0,"18":0,"19":0,"20":0,"21":0,"22":0,"23":0,"24":0,"25":0,"26":0,"27":0,"28":0,"29":0,"30":0,"31":0,"32":0,"33":0,"34":0,"35":0,"36":0,"37":0,"38":0,"39":0,"40":0,"41":0,"42":0,"43":0,"44":0,"45":0,"46":0,"47":0,"48":0,"49":0,"50":0,"51":0,"52":0,"53":0,"54":0,"55":0,"56":0,"57":0,"58":0,"59":0,"60":0,"61":0,"62":0,"63":0,"64":0,"65":0,"66":0,"67":0,"68":0,"69":0,"70":0,"71":0,"72":0,"73":0,"74":0,"75":0,"76":0,"77":0,"78":0,"79":0,"80":0,"81":0,"82":0,"83":0,"84":0,"85":0,"86":0,"87":0,"88":0,"89":0,"90":0,"91":0,"92":0},"f":{"0":0,"1":0,"2":0,"3":0,"4":0,"5":0,"6":0,"7":0,"8":0,"9":0,"10":0,"11":0,"12":0,"13":0,"14":0,"15":0,"16":0,"17":0,"18":0,"19":0,"20":0,"21":0,"22":0,"23":0,"24":0,"25":0,"26":0,"27":0,"28":0,"29":0,"30":0,"31":0,"32":0},"b":{"0":[0,0],"1":[0,0],"2":[0,0],"3":[0,0],"4":[0,0],"5":[0,0],"6":[0,0],"7":[0],"8":[0],"9":[0],"10":[0,0,0],"11":[0],"12":[0],"13":[0],"14":[0],"15":[0],"16":[0],"17":[0],"18":[0],"19":[0,0],"20":[0,0]}}
,"/Users/nikhil.c_awg/Documents/GitHub/doc-management-nest-backend/src/documents/documents-demo.module.ts": {"path":"/Users/nikhil.c_awg/Documents/GitHub/doc-management-nest-backend/src/documents/documents-demo.module.ts","statementMap":{"0":{"start":{"line":1,"column":0},"end":{"line":1,"column":40}},"1":{"start":{"line":2,"column":0},"end":{"line":2,"column":56}},"2":{"start":{"line":3,"column":0},"end":{"line":3,"column":70}},"3":{"start":{"line":15,"column":7},"end":{"line":15,"column":null}},"4":{"start":{"line":15,"column":13},"end":{"line":15,"column":28}},"5":{"start":{"line":15,"column":13},"end":{"line":15,"column":null}}},"fnMap":{},"branchMap":{},"s":{"0":0,"1":0,"2":0,"3":0,"4":0,"5":0},"f":{},"b":{}}
,"/Users/nikhil.c_awg/Documents/GitHub/doc-management-nest-backend/src/documents/documents.controller.ts": {"path":"/Users/nikhil.c_awg/Documents/GitHub/doc-management-nest-backend/src/documents/documents.controller.ts","statementMap":{"0":{"start":{"line":1,"column":0},"end":{"line":1,"column":null}},"1":{"start":{"line":19,"column":0},"end":{"line":19,"column":59}},"2":{"start":{"line":20,"column":0},"end":{"line":20,"column":null}},"3":{"start":{"line":31,"column":0},"end":{"line":31,"column":37}},"4":{"start":{"line":32,"column":0},"end":{"line":32,"column":31}},"5":{"start":{"line":33,"column":0},"end":{"line":33,"column":55}},"6":{"start":{"line":34,"column":0},"end":{"line":34,"column":62}},"7":{"start":{"line":35,"column":0},"end":{"line":35,"column":62}},"8":{"start":{"line":36,"column":0},"end":{"line":36,"column":61}},"9":{"start":{"line":37,"column":0},"end":{"line":37,"column":56}},"10":{"start":{"line":38,"column":0},"end":{"line":38,"column":59}},"11":{"start":{"line":39,"column":0},"end":{"line":39,"column":57}},"12":{"start":{"line":40,"column":0},"end":{"line":40,"column":74}},"13":{"start":{"line":46,"column":7},"end":{"line":260,"column":null}},"14":{"start":{"line":47,"column":31},"end":{"line":47,"column":49}},"15":{"start":{"line":119,"column":4},"end":{"line":119,"column":78}},"16":{"start":{"line":139,"column":4},"end":{"line":139,"column":92}},"17":{"start":{"line":178,"column":4},"end":{"line":178,"column":52}},"18":{"start":{"line":187,"column":4},"end":{"line":187,"column":46}},"19":{"start":{"line":199,"column":37},"end":{"line":199,"column":85}},"20":{"start":{"line":201,"column":4},"end":{"line":205,"column":7}},"21":{"start":{"line":207,"column":4},"end":{"line":207,"column":42}},"22":{"start":{"line":221,"column":4},"end":{"line":221,"column":63}},"23":{"start":{"line":247,"column":4},"end":{"line":247,"column":58}},"24":{"start":{"line":258,"column":4},"end":{"line":258,"column":44}},"25":{"start":{"line":46,"column":13},"end":{"line":46,"column":32}},"26":{"start":{"line":114,"column":8},"end":{"line":120,"column":null}},"27":{"start":{"line":56,"column":29},"end":{"line":59,"column":21}},"28":{"start":{"line":58,"column":23},"end":{"line":58,"column":66}},"29":{"start":{"line":60,"column":10},"end":{"line":60,"column":65}},"30":{"start":{"line":64,"column":33},"end":{"line":72,"column":10}},"31":{"start":{"line":74,"column":8},"end":{"line":78,"column":9}},"32":{"start":{"line":75,"column":10},"end":{"line":75,"column":25}},"33":{"start":{"line":77,"column":10},"end":{"line":77,"column":52}},"34":{"start":{"line":131,"column":2},"end":{"line":140,"column":null}},"35":{"start":{"line":177,"column":2},"end":{"line":179,"column":null}},"36":{"start":{"line":186,"column":2},"end":{"line":188,"column":null}},"37":{"start":{"line":195,"column":8},"end":{"line":208,"column":null}},"38":{"start":{"line":217,"column":2},"end":{"line":222,"column":null}},"39":{"start":{"line":243,"column":2},"end":{"line":248,"column":null}},"40":{"start":{"line":257,"column":2},"end":{"line":259,"column":null}},"41":{"start":{"line":46,"column":13},"end":{"line":260,"column":null}}},"fnMap":{"0":{"name":"(anonymous_4)","decl":{"start":{"line":47,"column":2},"end":{"line":47,"column":31}},"loc":{"start":{"line":47,"column":65},"end":{"line":47,"column":69}}},"1":{"name":"(anonymous_5)","decl":{"start":{"line":114,"column":2},"end":{"line":114,"column":7}},"loc":{"start":{"line":117,"column":18},"end":{"line":120,"column":3}}},"2":{"name":"(anonymous_6)","decl":{"start":{"line":131,"column":2},"end":{"line":131,"column":9}},"loc":{"start":{"line":137,"column":36},"end":{"line":140,"column":3}}},"3":{"name":"(anonymous_7)","decl":{"start":{"line":177,"column":2},"end":{"line":177,"column":10}},"loc":{"start":{"line":177,"column":10},"end":{"line":179,"column":3}}},"4":{"name":"(anonymous_8)","decl":{"start":{"line":186,"column":2},"end":{"line":186,"column":9}},"loc":{"start":{"line":186,"column":48},"end":{"line":188,"column":3}}},"5":{"name":"(anonymous_9)","decl":{"start":{"line":195,"column":2},"end":{"line":195,"column":7}},"loc":{"start":{"line":197,"column":45},"end":{"line":208,"column":3}}},"6":{"name":"(anonymous_10)","decl":{"start":{"line":217,"column":2},"end":{"line":217,"column":8}},"loc":{"start":{"line":219,"column":48},"end":{"line":222,"column":3}}},"7":{"name":"(anonymous_11)","decl":{"start":{"line":243,"column":2},"end":{"line":243,"column":14}},"loc":{"start":{"line":245,"column":42},"end":{"line":248,"column":3}}},"8":{"name":"(anonymous_12)","decl":{"start":{"line":257,"column":2},"end":{"line":257,"column":8}},"loc":{"start":{"line":257,"column":47},"end":{"line":259,"column":3}}},"9":{"name":"(anonymous_13)","decl":{"start":{"line":55,"column":18},"end":{"line":55,"column":19}},"loc":{"start":{"line":55,"column":36},"end":{"line":61,"column":9}}},"10":{"name":"(anonymous_14)","decl":{"start":{"line":58,"column":17},"end":{"line":58,"column":20}},"loc":{"start":{"line":58,"column":23},"end":{"line":58,"column":66}}},"11":{"name":"(anonymous_15)","decl":{"start":{"line":63,"column":18},"end":{"line":63,"column":19}},"loc":{"start":{"line":63,"column":36},"end":{"line":79,"column":7}}}},"branchMap":{"0":{"loc":{"start":{"line":74,"column":8},"end":{"line":78,"column":9}},"type":"if","locations":[{"start":{"line":74,"column":8},"end":{"line":78,"column":9}},{"start":{"line":76,"column":15},"end":{"line":78,"column":9}}]}},"s":{"0":2,"1":2,"2":2,"3":2,"4":2,"5":2,"6":2,"7":2,"8":2,"9":2,"10":2,"11":2,"12":2,"13":2,"14":2,"15":3,"16":0,"17":0,"18":0,"19":0,"20":0,"21":0,"22":0,"23":0,"24":0,"25":2,"26":2,"27":2,"28":64,"29":2,"30":2,"31":2,"32":2,"33":0,"34":2,"35":2,"36":2,"37":2,"38":2,"39":2,"40":2,"41":2},"f":{"0":2,"1":3,"2":0,"3":0,"4":0,"5":0,"6":0,"7":0,"8":0,"9":2,"10":64,"11":2},"b":{"0":[2,0]}}
,"/Users/nikhil.c_awg/Documents/GitHub/doc-management-nest-backend/src/documents/documents.module.ts": {"path":"/Users/nikhil.c_awg/Documents/GitHub/doc-management-nest-backend/src/documents/documents.module.ts","statementMap":{"0":{"start":{"line":1,"column":0},"end":{"line":1,"column":40}},"1":{"start":{"line":2,"column":0},"end":{"line":2,"column":48}},"2":{"start":{"line":3,"column":0},"end":{"line":3,"column":56}},"3":{"start":{"line":4,"column":0},"end":{"line":4,"column":55}},"4":{"start":{"line":5,"column":0},"end":{"line":5,"column":61}},"5":{"start":{"line":6,"column":0},"end":{"line":6,"column":54}},"6":{"start":{"line":19,"column":7},"end":{"line":19,"column":null}},"7":{"start":{"line":19,"column":13},"end":{"line":19,"column":28}},"8":{"start":{"line":19,"column":13},"end":{"line":19,"column":null}}},"fnMap":{},"branchMap":{},"s":{"0":2,"1":2,"2":2,"3":2,"4":2,"5":2,"6":2,"7":2,"8":2},"f":{},"b":{}}
,"/Users/nikhil.c_awg/Documents/GitHub/doc-management-nest-backend/src/documents/documents.service.ts": {"path":"/Users/nikhil.c_awg/Documents/GitHub/doc-management-nest-backend/src/documents/documents.service.ts","statementMap":{"0":{"start":{"line":1,"column":0},"end":{"line":1,"column":null}},"1":{"start":{"line":7,"column":0},"end":{"line":7,"column":51}},"2":{"start":{"line":8,"column":0},"end":{"line":8,"column":62}},"3":{"start":{"line":9,"column":0},"end":{"line":9,"column":34}},"4":{"start":{"line":11,"column":0},"end":{"line":11,"column":33}},"5":{"start":{"line":12,"column":0},"end":{"line":12,"column":84}},"6":{"start":{"line":17,"column":7},"end":{"line":281,"column":null}},"7":{"start":{"line":20,"column":12},"end":{"line":20,"column":32}},"8":{"start":{"line":28,"column":4},"end":{"line":30,"column":5}},"9":{"start":{"line":29,"column":6},"end":{"line":29,"column":56}},"10":{"start":{"line":32,"column":4},"end":{"line":68,"column":5}},"11":{"start":{"line":34,"column":23},"end":{"line":37,"column":22}},"12":{"start":{"line":40,"column":27},"end":{"line":40,"column":74}},"13":{"start":{"line":43,"column":23},"end":{"line":53,"column":8}},"14":{"start":{"line":55,"column":6},"end":{"line":55,"column":58}},"15":{"start":{"line":57,"column":6},"end":{"line":57,"column":55}},"16":{"start":{"line":58,"column":6},"end":{"line":58,"column":53}},"17":{"start":{"line":59,"column":6},"end":{"line":64,"column":9}},"18":{"start":{"line":65,"column":6},"end":{"line":65,"column":40}},"19":{"start":{"line":66,"column":6},"end":{"line":66,"column":47}},"20":{"start":{"line":67,"column":6},"end":{"line":67,"column":92}},"21":{"start":{"line":84,"column":17},"end":{"line":84,"column":35}},"22":{"start":{"line":86,"column":46},"end":{"line":86,"column":48}},"23":{"start":{"line":88,"column":4},"end":{"line":90,"column":5}},"24":{"start":{"line":89,"column":6},"end":{"line":89,"column":41}},"25":{"start":{"line":92,"column":4},"end":{"line":94,"column":5}},"26":{"start":{"line":93,"column":6},"end":{"line":93,"column":28}},"27":{"start":{"line":96,"column":4},"end":{"line":98,"column":5}},"28":{"start":{"line":97,"column":6},"end":{"line":97,"column":40}},"29":{"start":{"line":100,"column":4},"end":{"line":102,"column":5}},"30":{"start":{"line":101,"column":6},"end":{"line":101,"column":34}},"31":{"start":{"line":104,"column":31},"end":{"line":118,"column":6}},"32":{"start":{"line":120,"column":4},"end":{"line":125,"column":6}},"33":{"start":{"line":129,"column":21},"end":{"line":140,"column":6}},"34":{"start":{"line":142,"column":4},"end":{"line":144,"column":5}},"35":{"start":{"line":143,"column":6},"end":{"line":143,"column":56}},"36":{"start":{"line":146,"column":4},"end":{"line":146,"column":20}},"37":{"start":{"line":150,"column":21},"end":{"line":150,"column":44}},"38":{"start":{"line":152,"column":4},"end":{"line":152,"column":47}},"39":{"start":{"line":153,"column":4},"end":{"line":153,"column":56}},"40":{"start":{"line":157,"column":21},"end":{"line":157,"column":44}},"41":{"start":{"line":159,"column":4},"end":{"line":159,"column":29}},"42":{"start":{"line":160,"column":4},"end":{"line":162,"column":5}},"43":{"start":{"line":161,"column":6},"end":{"line":161,"column":44}},"44":{"start":{"line":164,"column":4},"end":{"line":164,"column":56}},"45":{"start":{"line":168,"column":21},"end":{"line":168,"column":44}},"46":{"start":{"line":171,"column":4},"end":{"line":178,"column":5}},"47":{"start":{"line":172,"column":6},"end":{"line":174,"column":7}},"48":{"start":{"line":173,"column":8},"end":{"line":173,"column":43}},"49":{"start":{"line":177,"column":6},"end":{"line":177,"column":73}},"50":{"start":{"line":180,"column":4},"end":{"line":180,"column":51}},"51":{"start":{"line":189,"column":18},"end":{"line":189,"column":55}},"52":{"start":{"line":191,"column":25},"end":{"line":196,"column":6}},"53":{"start":{"line":198,"column":23},"end":{"line":205,"column":6}},"54":{"start":{"line":208,"column":19},"end":{"line":211,"column":18}},"55":{"start":{"line":213,"column":22},"end":{"line":213,"column":51}},"56":{"start":{"line":215,"column":4},"end":{"line":232,"column":6}},"57":{"start":{"line":239,"column":21},"end":{"line":239,"column":44}},"58":{"start":{"line":241,"column":4},"end":{"line":246,"column":5}},"59":{"start":{"line":242,"column":25},"end":{"line":242,"column":61}},"60":{"start":{"line":243,"column":6},"end":{"line":243,"column":38}},"61":{"start":{"line":245,"column":6},"end":{"line":245,"column":69}},"62":{"start":{"line":250,"column":54},"end":{"line":258,"column":6}},"63":{"start":{"line":260,"column":4},"end":{"line":260,"column":55}},"64":{"start":{"line":264,"column":21},"end":{"line":264,"column":44}},"65":{"start":{"line":266,"column":4},"end":{"line":266,"column":43}},"66":{"start":{"line":267,"column":4},"end":{"line":267,"column":42}},"67":{"start":{"line":269,"column":4},"end":{"line":269,"column":56}},"68":{"start":{"line":273,"column":4},"end":{"line":279,"column":7}},"69":{"start":{"line":17,"column":13},"end":{"line":17,"column":29}},"70":{"start":{"line":17,"column":13},"end":{"line":281,"column":null}}},"fnMap":{"0":{"name":"(anonymous_4)","decl":{"start":{"line":18,"column":2},"end":{"line":18,"column":null}},"loc":{"start":{"line":20,"column":52},"end":{"line":21,"column":6}}},"1":{"name":"(anonymous_5)","decl":{"start":{"line":23,"column":2},"end":{"line":23,"column":7}},"loc":{"start":{"line":26,"column":18},"end":{"line":69,"column":3}}},"2":{"name":"(anonymous_6)","decl":{"start":{"line":71,"column":2},"end":{"line":71,"column":7}},"loc":{"start":{"line":77,"column":19},"end":{"line":126,"column":3}}},"3":{"name":"(anonymous_7)","decl":{"start":{"line":128,"column":2},"end":{"line":128,"column":7}},"loc":{"start":{"line":128,"column":27},"end":{"line":147,"column":3}}},"4":{"name":"(anonymous_8)","decl":{"start":{"line":149,"column":2},"end":{"line":149,"column":7}},"loc":{"start":{"line":149,"column":63},"end":{"line":154,"column":3}}},"5":{"name":"(anonymous_9)","decl":{"start":{"line":156,"column":2},"end":{"line":156,"column":7}},"loc":{"start":{"line":156,"column":55},"end":{"line":165,"column":3}}},"6":{"name":"(anonymous_10)","decl":{"start":{"line":167,"column":2},"end":{"line":167,"column":7}},"loc":{"start":{"line":167,"column":25},"end":{"line":181,"column":3}}},"7":{"name":"(anonymous_11)","decl":{"start":{"line":183,"column":2},"end":{"line":183,"column":7}},"loc":{"start":{"line":183,"column":24},"end":{"line":233,"column":3}}},"8":{"name":"(anonymous_12)","decl":{"start":{"line":235,"column":2},"end":{"line":235,"column":7}},"loc":{"start":{"line":235,"column":35},"end":{"line":247,"column":3}}},"9":{"name":"(anonymous_13)","decl":{"start":{"line":249,"column":10},"end":{"line":249,"column":37}},"loc":{"start":{"line":249,"column":54},"end":{"line":261,"column":3}}},"10":{"name":"(anonymous_14)","decl":{"start":{"line":263,"column":2},"end":{"line":263,"column":7}},"loc":{"start":{"line":263,"column":61},"end":{"line":270,"column":3}}},"11":{"name":"(anonymous_15)","decl":{"start":{"line":272,"column":2},"end":{"line":272,"column":7}},"loc":{"start":{"line":272,"column":52},"end":{"line":280,"column":3}}}},"branchMap":{"0":{"loc":{"start":{"line":28,"column":4},"end":{"line":30,"column":5}},"type":"if","locations":[{"start":{"line":28,"column":4},"end":{"line":30,"column":5}}]},"1":{"loc":{"start":{"line":36,"column":16},"end":{"line":36,"column":33}},"type":"binary-expr","locations":[{"start":{"line":36,"column":16},"end":{"line":36,"column":27}},{"start":{"line":36,"column":31},"end":{"line":36,"column":33}}]},"2":{"loc":{"start":{"line":46,"column":18},"end":{"line":46,"column":33}},"type":"binary-expr","locations":[{"start":{"line":46,"column":18},"end":{"line":46,"column":27}},{"start":{"line":46,"column":31},"end":{"line":46,"column":33}}]},"3":{"loc":{"start":{"line":50,"column":22},"end":{"line":50,"column":68}},"type":"binary-expr","locations":[{"start":{"line":50,"column":22},"end":{"line":50,"column":52}},{"start":{"line":50,"column":56},"end":{"line":50,"column":68}}]},"4":{"loc":{"start":{"line":72,"column":4},"end":{"line":72,"column":20}},"type":"default-arg","locations":[{"start":{"line":72,"column":19},"end":{"line":72,"column":20}}]},"5":{"loc":{"start":{"line":73,"column":4},"end":{"line":73,"column":22}},"type":"default-arg","locations":[{"start":{"line":73,"column":20},"end":{"line":73,"column":22}}]},"6":{"loc":{"start":{"line":88,"column":4},"end":{"line":90,"column":5}},"type":"if","locations":[{"start":{"line":88,"column":4},"end":{"line":90,"column":5}}]},"7":{"loc":{"start":{"line":92,"column":4},"end":{"line":94,"column":5}},"type":"if","locations":[{"start":{"line":92,"column":4},"end":{"line":94,"column":5}}]},"8":{"loc":{"start":{"line":96,"column":4},"end":{"line":98,"column":5}},"type":"if","locations":[{"start":{"line":96,"column":4},"end":{"line":98,"column":5}}]},"9":{"loc":{"start":{"line":100,"column":4},"end":{"line":102,"column":5}},"type":"if","locations":[{"start":{"line":100,"column":4},"end":{"line":102,"column":5}}]},"10":{"loc":{"start":{"line":142,"column":4},"end":{"line":144,"column":5}},"type":"if","locations":[{"start":{"line":142,"column":4},"end":{"line":144,"column":5}}]},"11":{"loc":{"start":{"line":160,"column":4},"end":{"line":162,"column":5}},"type":"if","locations":[{"start":{"line":160,"column":4},"end":{"line":162,"column":5}}]},"12":{"loc":{"start":{"line":172,"column":6},"end":{"line":174,"column":7}},"type":"if","locations":[{"start":{"line":172,"column":6},"end":{"line":174,"column":7}}]},"13":{"loc":{"start":{"line":213,"column":22},"end":{"line":213,"column":51}},"type":"binary-expr","locations":[{"start":{"line":213,"column":22},"end":{"line":213,"column":46}},{"start":{"line":213,"column":50},"end":{"line":213,"column":51}}]},"14":{"loc":{"start":{"line":260,"column":11},"end":{"line":260,"column":54}},"type":"binary-expr","locations":[{"start":{"line":260,"column":11},"end":{"line":260,"column":32}},{"start":{"line":260,"column":36},"end":{"line":260,"column":54}}]},"15":{"loc":{"start":{"line":272,"column":34},"end":{"line":272,"column":52}},"type":"default-arg","locations":[{"start":{"line":272,"column":50},"end":{"line":272,"column":52}}]}},"s":{"0":2,"1":2,"2":2,"3":2,"4":2,"5":2,"6":2,"7":2,"8":3,"9":1,"10":2,"11":2,"12":2,"13":2,"14":2,"15":0,"16":0,"17":0,"18":0,"19":0,"20":0,"21":0,"22":0,"23":0,"24":0,"25":0,"26":0,"27":0,"28":0,"29":0,"30":0,"31":0,"32":0,"33":3,"34":2,"35":0,"36":2,"37":0,"38":0,"39":0,"40":2,"41":1,"42":1,"43":0,"44":1,"45":0,"46":0,"47":0,"48":0,"49":0,"50":0,"51":0,"52":0,"53":0,"54":0,"55":0,"56":0,"57":0,"58":0,"59":0,"60":0,"61":0,"62":2,"63":2,"64":0,"65":0,"66":0,"67":0,"68":0,"69":2,"70":2},"f":{"0":2,"1":3,"2":0,"3":3,"4":0,"5":2,"6":0,"7":0,"8":0,"9":2,"10":0,"11":0},"b":{"0":[1],"1":[2,2],"2":[2,0],"3":[2,0],"4":[0],"5":[0],"6":[0],"7":[0],"8":[0],"9":[0],"10":[0],"11":[0],"12":[0],"13":[0,0],"14":[2,0],"15":[0]}}
,"/Users/nikhil.c_awg/Documents/GitHub/doc-management-nest-backend/src/ingestion/ingestion-demo.controller.ts": {"path":"/Users/nikhil.c_awg/Documents/GitHub/doc-management-nest-backend/src/ingestion/ingestion-demo.controller.ts","statementMap":{"0":{"start":{"line":1,"column":0},"end":{"line":1,"column":null}},"1":{"start":{"line":11,"column":0},"end":{"line":11,"column":null}},"2":{"start":{"line":19,"column":0},"end":{"line":19,"column":61}},"3":{"start":{"line":33,"column":7},"end":{"line":470,"column":null}},"4":{"start":{"line":34,"column":10},"end":{"line":138,"column":4}},"5":{"start":{"line":148,"column":19},"end":{"line":181,"column":6}},"6":{"start":{"line":183,"column":4},"end":{"line":183,"column":40}},"7":{"start":{"line":186,"column":4},"end":{"line":193,"column":13}},"8":{"start":{"line":187,"column":23},"end":{"line":187,"column":84}},"9":{"start":{"line":187,"column":63},"end":{"line":187,"column":83}},"10":{"start":{"line":188,"column":6},"end":{"line":192,"column":7}},"11":{"start":{"line":189,"column":8},"end":{"line":189,"column":63}},"12":{"start":{"line":190,"column":8},"end":{"line":190,"column":78}},"13":{"start":{"line":191,"column":8},"end":{"line":191,"column":55}},"14":{"start":{"line":195,"column":4},"end":{"line":198,"column":6}},"15":{"start":{"line":217,"column":23},"end":{"line":217,"column":50}},"16":{"start":{"line":220,"column":4},"end":{"line":222,"column":5}},"17":{"start":{"line":221,"column":6},"end":{"line":221,"column":71}},"18":{"start":{"line":221,"column":48},"end":{"line":221,"column":69}},"19":{"start":{"line":224,"column":4},"end":{"line":226,"column":5}},"20":{"start":{"line":225,"column":6},"end":{"line":225,"column":85}},"21":{"start":{"line":225,"column":48},"end":{"line":225,"column":83}},"22":{"start":{"line":228,"column":4},"end":{"line":230,"column":5}},"23":{"start":{"line":229,"column":6},"end":{"line":229,"column":79}},"24":{"start":{"line":229,"column":48},"end":{"line":229,"column":77}},"25":{"start":{"line":233,"column":17},"end":{"line":233,"column":35}},"26":{"start":{"line":234,"column":26},"end":{"line":234,"column":64}},"27":{"start":{"line":236,"column":4},"end":{"line":242,"column":6}},"28":{"start":{"line":279,"column":18},"end":{"line":279,"column":47}},"29":{"start":{"line":281,"column":21},"end":{"line":287,"column":6}},"30":{"start":{"line":282,"column":52},"end":{"line":282,"column":76}},"31":{"start":{"line":283,"column":55},"end":{"line":283,"column":82}},"32":{"start":{"line":284,"column":54},"end":{"line":284,"column":80}},"33":{"start":{"line":285,"column":51},"end":{"line":285,"column":74}},"34":{"start":{"line":286,"column":54},"end":{"line":286,"column":80}},"35":{"start":{"line":289,"column":19},"end":{"line":293,"column":6}},"36":{"start":{"line":290,"column":60},"end":{"line":290,"column":99}},"37":{"start":{"line":291,"column":60},"end":{"line":291,"column":99}},"38":{"start":{"line":292,"column":54},"end":{"line":292,"column":87}},"39":{"start":{"line":296,"column":26},"end":{"line":297,"column":null}},"40":{"start":{"line":297,"column":6},"end":{"line":297,"column":68}},"41":{"start":{"line":300,"column":28},"end":{"line":305,"column":9}},"42":{"start":{"line":302,"column":27},"end":{"line":302,"column":100}},"43":{"start":{"line":303,"column":10},"end":{"line":303,"column":41}},"44":{"start":{"line":307,"column":4},"end":{"line":313,"column":6}},"45":{"start":{"line":323,"column":16},"end":{"line":323,"column":61}},"46":{"start":{"line":323,"column":49},"end":{"line":323,"column":60}},"47":{"start":{"line":325,"column":4},"end":{"line":331,"column":5}},"48":{"start":{"line":326,"column":6},"end":{"line":330,"column":8}},"49":{"start":{"line":333,"column":4},"end":{"line":336,"column":6}},"50":{"start":{"line":348,"column":21},"end":{"line":348,"column":71}},"51":{"start":{"line":348,"column":59},"end":{"line":348,"column":70}},"52":{"start":{"line":350,"column":4},"end":{"line":356,"column":5}},"53":{"start":{"line":351,"column":6},"end":{"line":355,"column":8}},"54":{"start":{"line":358,"column":16},"end":{"line":358,"column":48}},"55":{"start":{"line":360,"column":4},"end":{"line":366,"column":5}},"56":{"start":{"line":361,"column":6},"end":{"line":365,"column":8}},"57":{"start":{"line":369,"column":4},"end":{"line":378,"column":6}},"58":{"start":{"line":381,"column":4},"end":{"line":388,"column":13}},"59":{"start":{"line":382,"column":28},"end":{"line":382,"column":78}},"60":{"start":{"line":382,"column":66},"end":{"line":382,"column":77}},"61":{"start":{"line":383,"column":6},"end":{"line":387,"column":7}},"62":{"start":{"line":384,"column":8},"end":{"line":384,"column":68}},"63":{"start":{"line":385,"column":8},"end":{"line":385,"column":83}},"64":{"start":{"line":386,"column":8},"end":{"line":386,"column":60}},"65":{"start":{"line":390,"column":4},"end":{"line":393,"column":6}},"66":{"start":{"line":405,"column":21},"end":{"line":405,"column":71}},"67":{"start":{"line":405,"column":59},"end":{"line":405,"column":70}},"68":{"start":{"line":407,"column":4},"end":{"line":413,"column":5}},"69":{"start":{"line":408,"column":6},"end":{"line":412,"column":8}},"70":{"start":{"line":415,"column":16},"end":{"line":415,"column":48}},"71":{"start":{"line":417,"column":4},"end":{"line":423,"column":5}},"72":{"start":{"line":418,"column":6},"end":{"line":422,"column":8}},"73":{"start":{"line":426,"column":4},"end":{"line":431,"column":6}},"74":{"start":{"line":433,"column":4},"end":{"line":436,"column":6}},"75":{"start":{"line":446,"column":4},"end":{"line":455,"column":6}},"76":{"start":{"line":464,"column":4},"end":{"line":468,"column":6}},"77":{"start":{"line":33,"column":13},"end":{"line":33,"column":36}},"78":{"start":{"line":147,"column":2},"end":{"line":199,"column":null}},"79":{"start":{"line":210,"column":2},"end":{"line":243,"column":null}},"80":{"start":{"line":278,"column":2},"end":{"line":314,"column":null}},"81":{"start":{"line":322,"column":2},"end":{"line":337,"column":null}},"82":{"start":{"line":347,"column":2},"end":{"line":394,"column":null}},"83":{"start":{"line":404,"column":2},"end":{"line":437,"column":null}},"84":{"start":{"line":444,"column":2},"end":{"line":456,"column":null}},"85":{"start":{"line":462,"column":2},"end":{"line":469,"column":null}},"86":{"start":{"line":33,"column":13},"end":{"line":470,"column":null}}},"fnMap":{"0":{"name":"(anonymous_4)","decl":{"start":{"line":33,"column":7},"end":{"line":33,"column":13}},"loc":{"start":{"line":33,"column":7},"end":{"line":470,"column":1}}},"1":{"name":"(anonymous_5)","decl":{"start":{"line":147,"column":2},"end":{"line":147,"column":8}},"loc":{"start":{"line":147,"column":61},"end":{"line":199,"column":3}}},"2":{"name":"(anonymous_6)","decl":{"start":{"line":186,"column":15},"end":{"line":186,"column":18}},"loc":{"start":{"line":186,"column":20},"end":{"line":193,"column":5}}},"3":{"name":"(anonymous_7)","decl":{"start":{"line":187,"column":56},"end":{"line":187,"column":59}},"loc":{"start":{"line":187,"column":63},"end":{"line":187,"column":83}}},"4":{"name":"(anonymous_8)","decl":{"start":{"line":210,"column":2},"end":{"line":210,"column":9}},"loc":{"start":{"line":215,"column":36},"end":{"line":243,"column":3}}},"5":{"name":"(anonymous_9)","decl":{"start":{"line":221,"column":41},"end":{"line":221,"column":44}},"loc":{"start":{"line":221,"column":48},"end":{"line":221,"column":69}}},"6":{"name":"(anonymous_10)","decl":{"start":{"line":225,"column":41},"end":{"line":225,"column":44}},"loc":{"start":{"line":225,"column":48},"end":{"line":225,"column":83}}},"7":{"name":"(anonymous_11)","decl":{"start":{"line":229,"column":41},"end":{"line":229,"column":44}},"loc":{"start":{"line":229,"column":48},"end":{"line":229,"column":77}}},"8":{"name":"(anonymous_12)","decl":{"start":{"line":278,"column":2},"end":{"line":278,"column":10}},"loc":{"start":{"line":278,"column":10},"end":{"line":314,"column":3}}},"9":{"name":"(anonymous_13)","decl":{"start":{"line":282,"column":45},"end":{"line":282,"column":48}},"loc":{"start":{"line":282,"column":52},"end":{"line":282,"column":76}}},"10":{"name":"(anonymous_14)","decl":{"start":{"line":283,"column":48},"end":{"line":283,"column":51}},"loc":{"start":{"line":283,"column":55},"end":{"line":283,"column":82}}},"11":{"name":"(anonymous_15)","decl":{"start":{"line":284,"column":47},"end":{"line":284,"column":50}},"loc":{"start":{"line":284,"column":54},"end":{"line":284,"column":80}}},"12":{"name":"(anonymous_16)","decl":{"start":{"line":285,"column":44},"end":{"line":285,"column":47}},"loc":{"start":{"line":285,"column":51},"end":{"line":285,"column":74}}},"13":{"name":"(anonymous_17)","decl":{"start":{"line":286,"column":47},"end":{"line":286,"column":50}},"loc":{"start":{"line":286,"column":54},"end":{"line":286,"column":80}}},"14":{"name":"(anonymous_18)","decl":{"start":{"line":290,"column":53},"end":{"line":290,"column":56}},"loc":{"start":{"line":290,"column":60},"end":{"line":290,"column":99}}},"15":{"name":"(anonymous_19)","decl":{"start":{"line":291,"column":53},"end":{"line":291,"column":56}},"loc":{"start":{"line":291,"column":60},"end":{"line":291,"column":99}}},"16":{"name":"(anonymous_20)","decl":{"start":{"line":292,"column":47},"end":{"line":292,"column":50}},"loc":{"start":{"line":292,"column":54},"end":{"line":292,"column":87}}},"17":{"name":"(anonymous_21)","decl":{"start":{"line":296,"column":56},"end":{"line":296,"column":59}},"loc":{"start":{"line":297,"column":6},"end":{"line":297,"column":68}}},"18":{"name":"(anonymous_22)","decl":{"start":{"line":301,"column":29},"end":{"line":301,"column":30}},"loc":{"start":{"line":301,"column":42},"end":{"line":304,"column":9}}},"19":{"name":"(anonymous_23)","decl":{"start":{"line":322,"column":2},"end":{"line":322,"column":9}},"loc":{"start":{"line":322,"column":33},"end":{"line":337,"column":3}}},"20":{"name":"(anonymous_24)","decl":{"start":{"line":323,"column":44},"end":{"line":323,"column":45}},"loc":{"start":{"line":323,"column":49},"end":{"line":323,"column":60}}},"21":{"name":"(anonymous_25)","decl":{"start":{"line":347,"column":2},"end":{"line":347,"column":7}},"loc":{"start":{"line":347,"column":31},"end":{"line":394,"column":3}}},"22":{"name":"(anonymous_26)","decl":{"start":{"line":348,"column":54},"end":{"line":348,"column":55}},"loc":{"start":{"line":348,"column":59},"end":{"line":348,"column":70}}},"23":{"name":"(anonymous_27)","decl":{"start":{"line":381,"column":15},"end":{"line":381,"column":18}},"loc":{"start":{"line":381,"column":20},"end":{"line":388,"column":5}}},"24":{"name":"(anonymous_28)","decl":{"start":{"line":382,"column":61},"end":{"line":382,"column":62}},"loc":{"start":{"line":382,"column":66},"end":{"line":382,"column":77}}},"25":{"name":"(anonymous_29)","decl":{"start":{"line":404,"column":2},"end":{"line":404,"column":8}},"loc":{"start":{"line":404,"column":32},"end":{"line":437,"column":3}}},"26":{"name":"(anonymous_30)","decl":{"start":{"line":405,"column":54},"end":{"line":405,"column":55}},"loc":{"start":{"line":405,"column":59},"end":{"line":405,"column":70}}},"27":{"name":"(anonymous_31)","decl":{"start":{"line":444,"column":2},"end":{"line":444,"column":22}},"loc":{"start":{"line":444,"column":43},"end":{"line":456,"column":3}}},"28":{"name":"(anonymous_32)","decl":{"start":{"line":462,"column":2},"end":{"line":462,"column":15}},"loc":{"start":{"line":462,"column":40},"end":{"line":469,"column":3}}}},"branchMap":{"0":{"loc":{"start":{"line":150,"column":12},"end":{"line":150,"column":62}},"type":"binary-expr","locations":[{"start":{"line":150,"column":12},"end":{"line":150,"column":38}},{"start":{"line":150,"column":42},"end":{"line":150,"column":62}}]},"1":{"loc":{"start":{"line":151,"column":19},"end":{"line":151,"column":88}},"type":"binary-expr","locations":[{"start":{"line":151,"column":19},"end":{"line":151,"column":52}},{"start":{"line":151,"column":56},"end":{"line":151,"column":88}}]},"2":{"loc":{"start":{"line":154,"column":18},"end":{"line":154,"column":58}},"type":"binary-expr","locations":[{"start":{"line":154,"column":18},"end":{"line":154,"column":50}},{"start":{"line":154,"column":54},"end":{"line":154,"column":58}}]},"3":{"loc":{"start":{"line":155,"column":16},"end":{"line":160,"column":14}},"type":"cond-expr","locations":[{"start":{"line":155,"column":51},"end":{"line":160,"column":8}},{"start":{"line":160,"column":10},"end":{"line":160,"column":14}}]},"4":{"loc":{"start":{"line":161,"column":21},"end":{"line":165,"column":null}},"type":"binary-expr","locations":[{"start":{"line":161,"column":21},"end":{"line":161,"column":56}},{"start":{"line":161,"column":60},"end":{"line":165,"column":null}}]},"5":{"loc":{"start":{"line":188,"column":6},"end":{"line":192,"column":7}},"type":"if","locations":[{"start":{"line":188,"column":6},"end":{"line":192,"column":7}}]},"6":{"loc":{"start":{"line":211,"column":57},"end":{"line":211,"column":73}},"type":"default-arg","locations":[{"start":{"line":211,"column":72},"end":{"line":211,"column":73}}]},"7":{"loc":{"start":{"line":212,"column":58},"end":{"line":212,"column":76}},"type":"default-arg","locations":[{"start":{"line":212,"column":74},"end":{"line":212,"column":76}}]},"8":{"loc":{"start":{"line":220,"column":4},"end":{"line":222,"column":5}},"type":"if","locations":[{"start":{"line":220,"column":4},"end":{"line":222,"column":5}}]},"9":{"loc":{"start":{"line":224,"column":4},"end":{"line":226,"column":5}},"type":"if","locations":[{"start":{"line":224,"column":4},"end":{"line":226,"column":5}}]},"10":{"loc":{"start":{"line":228,"column
[...]
":224,"column":8}},"loc":{"start":{"line":224,"column":70},"end":{"line":245,"column":3}}},"13":{"name":"(anonymous_17)","decl":{"start":{"line":225,"column":47},"end":{"line":225,"column":48}},"loc":{"start":{"line":225,"column":52},"end":{"line":225,"column":63}}},"14":{"name":"(anonymous_18)","decl":{"start":{"line":254,"column":2},"end":{"line":254,"column":12}},"loc":{"start":{"line":254,"column":87},"end":{"line":271,"column":3}}},"15":{"name":"(anonymous_19)","decl":{"start":{"line":255,"column":47},"end":{"line":255,"column":48}},"loc":{"start":{"line":255,"column":52},"end":{"line":255,"column":63}}},"16":{"name":"(anonymous_20)","decl":{"start":{"line":280,"column":2},"end":{"line":280,"column":12}},"loc":{"start":{"line":280,"column":36},"end":{"line":297,"column":3}}},"17":{"name":"(anonymous_21)","decl":{"start":{"line":281,"column":47},"end":{"line":281,"column":48}},"loc":{"start":{"line":281,"column":52},"end":{"line":281,"column":63}}},"18":{"name":"(anonymous_22)","decl":{"start":{"line":306,"column":2},"end":{"line":306,"column":10}},"loc":{"start":{"line":306,"column":34},"end":{"line":323,"column":3}}},"19":{"name":"(anonymous_23)","decl":{"start":{"line":307,"column":47},"end":{"line":307,"column":48}},"loc":{"start":{"line":307,"column":52},"end":{"line":307,"column":63}}},"20":{"name":"(anonymous_24)","decl":{"start":{"line":332,"column":2},"end":{"line":332,"column":8}},"loc":{"start":{"line":332,"column":32},"end":{"line":349,"column":3}}},"21":{"name":"(anonymous_25)","decl":{"start":{"line":333,"column":47},"end":{"line":333,"column":48}},"loc":{"start":{"line":333,"column":52},"end":{"line":333,"column":63}}}},"branchMap":{"0":{"loc":{"start":{"line":87,"column":12},"end":{"line":87,"column":42}},"type":"binary-expr","locations":[{"start":{"line":87,"column":12},"end":{"line":87,"column":30}},{"start":{"line":87,"column":34},"end":{"line":87,"column":42}}]},"1":{"loc":{"start":{"line":111,"column":57},"end":{"line":111,"column":73}},"type":"default-arg","locations":[{"start":{"line":111,"column":72},"end":{"line":111,"column":73}}]},"2":{"loc":{"start":{"line":112,"column":58},"end":{"line":112,"column":76}},"type":"default-arg","locations":[{"start":{"line":112,"column":74},"end":{"line":112,"column":76}}]},"3":{"loc":{"start":{"line":119,"column":4},"end":{"line":121,"column":5}},"type":"if","locations":[{"start":{"line":119,"column":4},"end":{"line":121,"column":5}}]},"4":{"loc":{"start":{"line":124,"column":4},"end":{"line":131,"column":5}},"type":"if","locations":[{"start":{"line":124,"column":4},"end":{"line":131,"column":5}}]},"5":{"loc":{"start":{"line":127,"column":8},"end":{"line":129,"column":54}},"type":"binary-expr","locations":[{"start":{"line":127,"column":8},"end":{"line":127,"column":58}},{"start":{"line":128,"column":8},"end":{"line":128,"column":57}},{"start":{"line":129,"column":8},"end":{"line":129,"column":54}}]},"6":{"loc":{"start":{"line":202,"column":4},"end":{"line":208,"column":5}},"type":"if","locations":[{"start":{"line":202,"column":4},"end":{"line":208,"column":5}}]},"7":{"loc":{"start":{"line":227,"column":4},"end":{"line":233,"column":5}},"type":"if","locations":[{"start":{"line":227,"column":4},"end":{"line":233,"column":5}}]},"8":{"loc":{"start":{"line":257,"column":4},"end":{"line":263,"column":5}},"type":"if","locations":[{"start":{"line":257,"column":4},"end":{"line":263,"column":5}}]},"9":{"loc":{"start":{"line":283,"column":4},"end":{"line":289,"column":5}},"type":"if","locations":[{"start":{"line":283,"column":4},"end":{"line":289,"column":5}}]},"10":{"loc":{"start":{"line":309,"column":4},"end":{"line":315,"column":5}},"type":"if","locations":[{"start":{"line":309,"column":4},"end":{"line":315,"column":5}}]},"11":{"loc":{"start":{"line":335,"column":4},"end":{"line":341,"column":5}},"type":"if","locations":[{"start":{"line":335,"column":4},"end":{"line":341,"column":5}}]}},"s":{"0":0,"1":0,"2":0,"3":0,"4":0,"5":0,"6":0,"7":0,"8":0,"9":0,"10":0,"11":0,"12":0,"13":0,"14":0,"15":0,"16":0,"17":0,"18":0,"19":0,"20":0,"21":0,"22":0,"23":0,"24":0,"25":0,"26":0,"27":0,"28":0,"29":0,"30":0,"31":0,"32":0,"33":0,"34":0,"35":0,"36":0,"37":0,"38":0,"39":0,"40":0,"41":0,"42":0,"43":0,"44":0,"45":0,"46":0,"47":0,"48":0,"49":0,"50":0,"51":0,"52":0,"53":0,"54":0,"55":0,"56":0,"57":0,"58":0,"59":0,"60":0,"61":0,"62":0,"63":0,"64":0,"65":0,"66":0,"67":0,"68":0,"69":0,"70":0,"71":0,"72":0,"73":0,"74":0,"75":0},"f":{"0":0,"1":0,"2":0,"3":0,"4":0,"5":0,"6":0,"7":0,"8":0,"9":0,"10":0,"11":0,"12":0,"13":0,"14":0,"15":0,"16":0,"17":0,"18":0,"19":0,"20":0,"21":0},"b":{"0":[0,0],"1":[0],"2":[0],"3":[0],"4":[0],"5":[0,0,0],"6":[0],"7":[0],"8":[0],"9":[0],"10":[0],"11":[0]}}
,"/Users/nikhil.c_awg/Documents/GitHub/doc-management-nest-backend/src/users/users-demo.module.ts": {"path":"/Users/nikhil.c_awg/Documents/GitHub/doc-management-nest-backend/src/users/users-demo.module.ts","statementMap":{"0":{"start":{"line":1,"column":0},"end":{"line":1,"column":40}},"1":{"start":{"line":2,"column":0},"end":{"line":2,"column":62}},"2":{"start":{"line":9,"column":7},"end":{"line":9,"column":null}},"3":{"start":{"line":9,"column":13},"end":{"line":9,"column":24}},"4":{"start":{"line":9,"column":13},"end":{"line":9,"column":null}}},"fnMap":{},"branchMap":{},"s":{"0":0,"1":0,"2":0,"3":0,"4":0},"f":{},"b":{}}
,"/Users/nikhil.c_awg/Documents/GitHub/doc-management-nest-backend/src/users/users.controller.ts": {"path":"/Users/nikhil.c_awg/Documents/GitHub/doc-management-nest-backend/src/users/users.controller.ts","statementMap":{"0":{"start":{"line":1,"column":0},"end":{"line":1,"column":null}},"1":{"start":{"line":14,"column":0},"end":{"line":14,"column":null}},"2":{"start":{"line":22,"column":0},"end":{"line":22,"column":47}},"3":{"start":{"line":23,"column":0},"end":{"line":23,"column":54}},"4":{"start":{"line":24,"column":0},"end":{"line":24,"column":54}},"5":{"start":{"line":25,"column":0},"end":{"line":25,"column":54}},"6":{"start":{"line":26,"column":0},"end":{"line":26,"column":61}},"7":{"start":{"line":27,"column":0},"end":{"line":27,"column":56}},"8":{"start":{"line":28,"column":0},"end":{"line":28,"column":59}},"9":{"start":{"line":29,"column":0},"end":{"line":29,"column":50}},"10":{"start":{"line":35,"column":7},"end":{"line":166,"column":null}},"11":{"start":{"line":36,"column":31},"end":{"line":36,"column":45}},"12":{"start":{"line":45,"column":4},"end":{"line":45,"column":51}},"13":{"start":{"line":63,"column":4},"end":{"line":63,"column":64}},"14":{"start":{"line":91,"column":4},"end":{"line":91,"column":44}},"15":{"start":{"line":102,"column":4},"end":{"line":102,"column":42}},"16":{"start":{"line":117,"column":4},"end":{"line":117,"column":55}},"17":{"start":{"line":131,"column":4},"end":{"line":131,"column":64}},"18":{"start":{"line":142,"column":4},"end":{"line":142,"column":44}},"19":{"start":{"line":153,"column":4},"end":{"line":153,"column":42}},"20":{"start":{"line":164,"column":4},"end":{"line":164,"column":40}},"21":{"start":{"line":35,"column":13},"end":{"line":35,"column":28}},"22":{"start":{"line":44,"column":2},"end":{"line":46,"column":null}},"23":{"start":{"line":57,"column":2},"end":{"line":64,"column":null}},"24":{"start":{"line":90,"column":2},"end":{"line":92,"column":null}},"25":{"start":{"line":101,"column":2},"end":{"line":103,"column":null}},"26":{"start":{"line":113,"column":2},"end":{"line":118,"column":null}},"27":{"start":{"line":127,"column":2},"end":{"line":132,"column":null}},"28":{"start":{"line":141,"column":2},"end":{"line":143,"column":null}},"29":{"start":{"line":152,"column":2},"end":{"line":154,"column":null}},"30":{"start":{"line":163,"column":2},"end":{"line":165,"column":null}},"31":{"start":{"line":35,"column":13},"end":{"line":166,"column":null}}},"fnMap":{"0":{"name":"(anonymous_4)","decl":{"start":{"line":36,"column":2},"end":{"line":36,"column":31}},"loc":{"start":{"line":36,"column":57},"end":{"line":36,"column":61}}},"1":{"name":"(anonymous_5)","decl":{"start":{"line":44,"column":2},"end":{"line":44,"column":8}},"loc":{"start":{"line":44,"column":45},"end":{"line":46,"column":3}}},"2":{"name":"(anonymous_6)","decl":{"start":{"line":57,"column":2},"end":{"line":57,"column":9}},"loc":{"start":{"line":61,"column":34},"end":{"line":64,"column":3}}},"3":{"name":"(anonymous_7)","decl":{"start":{"line":90,"column":2},"end":{"line":90,"column":10}},"loc":{"start":{"line":90,"column":10},"end":{"line":92,"column":3}}},"4":{"name":"(anonymous_8)","decl":{"start":{"line":101,"column":2},"end":{"line":101,"column":9}},"loc":{"start":{"line":101,"column":48},"end":{"line":103,"column":3}}},"5":{"name":"(anonymous_9)","decl":{"start":{"line":113,"column":2},"end":{"line":113,"column":8}},"loc":{"start":{"line":115,"column":40},"end":{"line":118,"column":3}}},"6":{"name":"(anonymous_10)","decl":{"start":{"line":127,"column":2},"end":{"line":127,"column":12}},"loc":{"start":{"line":129,"column":40},"end":{"line":132,"column":3}}},"7":{"name":"(anonymous_11)","decl":{"start":{"line":141,"column":2},"end":{"line":141,"column":12}},"loc":{"start":{"line":141,"column":51},"end":{"line":143,"column":3}}},"8":{"name":"(anonymous_12)","decl":{"start":{"line":152,"column":2},"end":{"line":152,"column":10}},"loc":{"start":{"line":152,"column":49},"end":{"line":154,"column":3}}},"9":{"name":"(anonymous_13)","decl":{"start":{"line":163,"column":2},"end":{"line":163,"column":8}},"loc":{"start":{"line":163,"column":47},"end":{"line":165,"column":3}}}},"branchMap":{},"s":{"0":2,"1":2,"2":2,"3":2,"4":2,"5":2,"6":2,"7":2,"8":2,"9":2,"10":2,"11":2,"12":0,"13":0,"14":0,"15":0,"16":0,"17":0,"18":0,"19":0,"20":0,"21":2,"22":2,"23":2,"24":2,"25":2,"26":2,"27":2,"28":2,"29":2,"30":2,"31":2},"f":{"0":2,"1":0,"2":0,"3":0,"4":0,"5":0,"6":0,"7":0,"8":0,"9":0},"b":{}}
,"/Users/nikhil.c_awg/Documents/GitHub/doc-management-nest-backend/src/users/users.module.ts": {"path":"/Users/nikhil.c_awg/Documents/GitHub/doc-management-nest-backend/src/users/users.module.ts","statementMap":{"0":{"start":{"line":1,"column":0},"end":{"line":1,"column":40}},"1":{"start":{"line":2,"column":0},"end":{"line":2,"column":48}},"2":{"start":{"line":3,"column":0},"end":{"line":3,"column":47}},"3":{"start":{"line":4,"column":0},"end":{"line":4,"column":53}},"4":{"start":{"line":5,"column":0},"end":{"line":5,"column":46}},"5":{"start":{"line":13,"column":7},"end":{"line":13,"column":null}},"6":{"start":{"line":13,"column":13},"end":{"line":13,"column":24}},"7":{"start":{"line":13,"column":13},"end":{"line":13,"column":null}}},"fnMap":{},"branchMap":{},"s":{"0":2,"1":2,"2":2,"3":2,"4":2,"5":2,"6":2,"7":2},"f":{},"b":{}}
,"/Users/nikhil.c_awg/Documents/GitHub/doc-management-nest-backend/src/users/users.service.ts": {"path":"/Users/nikhil.c_awg/Documents/GitHub/doc-management-nest-backend/src/users/users.service.ts","statementMap":{"0":{"start":{"line":1,"column":0},"end":{"line":1,"column":82}},"1":{"start":{"line":2,"column":0},"end":{"line":2,"column":51}},"2":{"start":{"line":3,"column":0},"end":{"line":3,"column":62}},"3":{"start":{"line":4,"column":0},"end":{"line":4,"column":56}},"4":{"start":{"line":9,"column":7},"end":{"line":204,"column":null}},"5":{"start":{"line":12,"column":12},"end":{"line":12,"column":28}},"6":{"start":{"line":17,"column":25},"end":{"line":17,"column":68}},"7":{"start":{"line":18,"column":4},"end":{"line":20,"column":5}},"8":{"start":{"line":19,"column":6},"end":{"line":19,"column":73}},"9":{"start":{"line":22,"column":17},"end":{"line":22,"column":58}},"10":{"start":{"line":23,"column":4},"end":{"line":23,"column":42}},"11":{"start":{"line":32,"column":17},"end":{"line":32,"column":35}},"12":{"start":{"line":34,"column":42},"end":{"line":34,"column":44}},"13":{"start":{"line":36,"column":4},"end":{"line":39,"column":5}},"14":{"start":{"line":37,"column":6},"end":{"line":37,"column":45}},"15":{"start":{"line":41,"column":4},"end":{"line":43,"column":5}},"16":{"start":{"line":42,"column":6},"end":{"line":42,"column":24}},"17":{"start":{"line":45,"column":27},"end":{"line":61,"column":6}},"18":{"start":{"line":63,"column":4},"end":{"line":68,"column":6}},"19":{"start":{"line":72,"column":17},"end":{"line":86,"column":6}},"20":{"start":{"line":88,"column":4},"end":{"line":88,"column":16}},"21":{"start":{"line":92,"column":17},"end":{"line":106,"column":6}},"22":{"start":{"line":108,"column":4},"end":{"line":108,"column":16}},"23":{"start":{"line":112,"column":17},"end":{"line":112,"column":40}},"24":{"start":{"line":114,"column":4},"end":{"line":116,"column":5}},"25":{"start":{"line":115,"column":6},"end":{"line":115,"column":52}},"26":{"start":{"line":119,"column":4},"end":{"line":124,"column":5}},"27":{"start":{"line":120,"column":27},"end":{"line":120,"column":70}},"28":{"start":{"line":121,"column":6},"end":{"line":123,"column":7}},"29":{"start":{"line":122,"column":8},"end":{"line":122,"column":75}},"30":{"start":{"line":126,"column":4},"end":{"line":126,"column":39}},"31":{"start":{"line":127,"column":4},"end":{"line":127,"column":42}},"32":{"start":{"line":131,"column":4},"end":{"line":133,"column":7}},"33":{"start":{"line":137,"column":17},"end":{"line":137,"column":40}},"34":{"start":{"line":139,"column":4},"end":{"line":141,"column":5}},"35":{"start":{"line":140,"column":6},"end":{"line":140,"column":52}},"36":{"start":{"line":143,"column":4},"end":{"line":143,"column":26}},"37":{"start":{"line":144,"column":4},"end":{"line":144,"column":42}},"38":{"start":{"line":148,"column":17},"end":{"line":148,"column":40}},"39":{"start":{"line":150,"column":4},"end":{"line":152,"column":5}},"40":{"start":{"line":151,"column":6},"end":{"line":151,"column":52}},"41":{"start":{"line":154,"column":4},"end":{"line":154,"column":25}},"42":{"start":{"line":155,"column":4},"end":{"line":155,"column":42}},"43":{"start":{"line":159,"column":17},"end":{"line":159,"column":40}},"44":{"start":{"line":161,"column":4},"end":{"line":163,"column":5}},"45":{"start":{"line":162,"column":6},"end":{"line":162,"column":52}},"46":{"start":{"line":165,"column":4},"end":{"line":165,"column":43}},"47":{"start":{"line":169,"column":17},"end":{"line":169,"column":40}},"48":{"start":{"line":171,"column":4},"end":{"line":173,"column":5}},"49":{"start":{"line":172,"column":6},"end":{"line":172,"column":52}},"50":{"start":{"line":175,"column":4},"end":{"line":175,"column":21}},"51":{"start":{"line":176,"column":4},"end":{"line":176,"column":42}},"52":{"start":{"line":185,"column":18},"end":{"line":185,"column":51}},"53":{"start":{"line":186,"column":19},"end":{"line":186,"column":81}},"54":{"start":{"line":187,"column":21},"end":{"line":187,"column":35}},"55":{"start":{"line":189,"column":23},"end":{"line":189,"column":91}},"56":{"start":{"line":190,"column":24},"end":{"line":190,"column":93}},"57":{"start":{"line":191,"column":24},"end":{"line":191,"column":93}},"58":{"start":{"line":193,"column":4},"end":{"line":202,"column":6}},"59":{"start":{"line":9,"column":13},"end":{"line":9,"column":25}},"60":{"start":{"line":9,"column":13},"end":{"line":204,"column":null}}},"fnMap":{"0":{"name":"(anonymous_4)","decl":{"start":{"line":10,"column":2},"end":{"line":10,"column":null}},"loc":{"start":{"line":12,"column":44},"end":{"line":13,"column":6}}},"1":{"name":"(anonymous_5)","decl":{"start":{"line":15,"column":2},"end":{"line":15,"column":7}},"loc":{"start":{"line":15,"column":43},"end":{"line":24,"column":3}}},"2":{"name":"(anonymous_6)","decl":{"start":{"line":26,"column":2},"end":{"line":26,"column":7}},"loc":{"start":{"line":30,"column":19},"end":{"line":69,"column":3}}},"3":{"name":"(anonymous_7)","decl":{"start":{"line":71,"column":2},"end":{"line":71,"column":7}},"loc":{"start":{"line":71,"column":27},"end":{"line":89,"column":3}}},"4":{"name":"(anonymous_8)","decl":{"start":{"line":91,"column":2},"end":{"line":91,"column":7}},"loc":{"start":{"line":91,"column":33},"end":{"line":109,"column":3}}},"5":{"name":"(anonymous_9)","decl":{"start":{"line":111,"column":2},"end":{"line":111,"column":7}},"loc":{"start":{"line":111,"column":55},"end":{"line":128,"column":3}}},"6":{"name":"(anonymous_10)","decl":{"start":{"line":130,"column":2},"end":{"line":130,"column":7}},"loc":{"start":{"line":130,"column":34},"end":{"line":134,"column":3}}},"7":{"name":"(anonymous_11)","decl":{"start":{"line":136,"column":2},"end":{"line":136,"column":7}},"loc":{"start":{"line":136,"column":29},"end":{"line":145,"column":3}}},"8":{"name":"(anonymous_12)","decl":{"start":{"line":147,"column":2},"end":{"line":147,"column":7}},"loc":{"start":{"line":147,"column":27},"end":{"line":156,"column":3}}},"9":{"name":"(anonymous_13)","decl":{"start":{"line":158,"column":2},"end":{"line":158,"column":7}},"loc":{"start":{"line":158,"column":25},"end":{"line":166,"column":3}}},"10":{"name":"(anonymous_14)","decl":{"start":{"line":168,"column":2},"end":{"line":168,"column":7}},"loc":{"start":{"line":168,"column":45},"end":{"line":177,"column":3}}},"11":{"name":"(anonymous_15)","decl":{"start":{"line":179,"column":2},"end":{"line":179,"column":7}},"loc":{"start":{"line":179,"column":20},"end":{"line":203,"column":3}}}},"branchMap":{"0":{"loc":{"start":{"line":18,"column":4},"end":{"line":20,"column":5}},"type":"if","locations":[{"start":{"line":18,"column":4},"end":{"line":20,"column":5}}]},"1":{"loc":{"start":{"line":27,"column":4},"end":{"line":27,"column":20}},"type":"default-arg","locations":[{"start":{"line":27,"column":19},"end":{"line":27,"column":20}}]},"2":{"loc":{"start":{"line":28,"column":4},"end":{"line":28,"column":22}},"type":"default-arg","locations":[{"start":{"line":28,"column":20},"end":{"line":28,"column":22}}]},"3":{"loc":{"start":{"line":36,"column":4},"end":{"line":39,"column":5}},"type":"if","locations":[{"start":{"line":36,"column":4},"end":{"line":39,"column":5}}]},"4":{"loc":{"start":{"line":41,"column":4},"end":{"line":43,"column":5}},"type":"if","locations":[{"start":{"line":41,"column":4},"end":{"line":43,"column":5}}]},"5":{"loc":{"start":{"line":114,"column":4},"end":{"line":116,"column":5}},"type":"if","locations":[{"start":{"line":114,"column":4},"end":{"line":116,"column":5}}]},"6":{"loc":{"start":{"line":119,"column":4},"end":{"line":124,"column":5}},"type":"if","locations":[{"start":{"line":119,"column":4},"end":{"line":124,"column":5}}]},"7":{"loc":{"start":{"line":119,"column":8},"end":{"line":119,"column":65}},"type":"binary-expr","locations":[{"start":{"line":119,"column":8},"end":{"line":119,"column":27}},{"start":{"line":119,"column":31},"end":{"line":119,"column":65}}]},"8":{"loc":{"start":{"line":121,"column":6},"end":{"line":123,"column":7}},"type":"if","locations":[{"start":{"line":121,"column":6},"end":{"line":123,"column":7}}]},"9":{"loc":{"start":{"line":139,"column":4},"end":{"line":141,"column":5}},"type":"if","locations":[{"start":{"line":139,"column":4},"end":{"line":141,"column":5}}]},"10":{"loc":{"start":{"line":150,"column":4},"end":{"line":152,"column":5}},"type":"if","locations":[{"start":{"line":150,"column":4},"end":{"line":152,"column":5}}]},"11":{"loc":{"start":{"line":161,"column":4},"end":{"line":163,"column":5}},"type":"if","locations":[{"start":{"line":161,"column":4},"end":{"line":163,"column":5}}]},"12":{"loc":{"start":{"line":171,"column":4},"end":{"line":173,"column":5}},"type":"if","locations":[{"start":{"line":171,"column":4},"end":{"line":173,"column":5}}]}},"s":{"0":2,"1":2,"2":2,"3":2,"4":2,"5":2,"6":0,"7":0,"8":0,"9":0,"10":0,"11":0,"12":0,"13":0,"14":0,"15":0,"16":0,"17":0,"18":0,"19":12,"20":12,"21":4,"22":4,"23":0,"24":0,"25":0,"26":0,"27":0,"28":0,"29":0,"30":0,"31":0,"32":2,"33":0,"34":0,"35":0,"36":0,"37":0,"38":0,"39":0,"40":0,"41":0,"42":0,"43":0,"44":0,"45":0,"46":0,"47":0,"48":0,"49":0,"50":0,"51":0,"52":0,"53":0,"54":0,"55":0,"56":0,"57":0,"58":0,"59":2,"60":2},"f":{"0":2,"1":0,"2":0,"3":12,"4":4,"5":0,"6":2,"7":0,"8":0,"9":0,"10":0,"11":0},"b":{"0":[0],"1":[0],"2":[0],"3":[0],"4":[0],"5":[0],"6":[0],"7":[0,0],"8":[0],"9":[0],"10":[0],"11":[0],"12":[0]}}
}
