TN:
SF:src/app.controller.ts
FN:8,(anonymous_2)
FN:13,(anonymous_3)
FN:20,(anonymous_4)
FNF:3
FNH:1
FNDA:2,(anonymous_2)
FNDA:0,(anonymous_3)
FNDA:0,(anonymous_4)
DA:1,2
DA:2,2
DA:3,2
DA:7,2
DA:8,2
DA:13,2
DA:14,0
DA:20,2
DA:21,0
LF:9
LH:7
BRF:0
BRH:0
end_of_record
TN:
SF:src/app.module.ts
FN:25,(anonymous_1)
FN:58,(anonymous_2)
FNF:2
FNH:2
FNDA:2,(anonymous_1)
FNDA:2,(anonymous_2)
DA:1,2
DA:2,2
DA:3,2
DA:4,2
DA:5,2
DA:7,2
DA:8,2
DA:9,2
DA:10,2
DA:11,2
DA:12,2
DA:26,2
DA:28,2
DA:29,0
DA:43,2
DA:58,2
DA:76,2
LF:17
LH:16
BRDA:28,0,0,0
BRDA:28,0,1,2
BRDA:39,1,0,0
BRDA:39,1,1,0
BRF:4
BRH:1
end_of_record
TN:
SF:src/app.service.ts
FN:4,(anonymous_1)
FN:7,(anonymous_2)
FN:15,(anonymous_3)
FNF:3
FNH:1
FNDA:2,(anonymous_1)
FNDA:0,(anonymous_2)
FNDA:0,(anonymous_3)
DA:1,2
DA:4,2
DA:5,2
DA:8,0
DA:16,0
DA:18,0
LF:6
LH:3
BRDA:11,0,0,0
BRDA:11,0,1,0
BRF:2
BRH:0
end_of_record
TN:
SF:src/auth/auth-demo.controller.ts
FN:55,(anonymous_4)
FN:105,(anonymous_5)
FN:152,(anonymous_6)
FN:179,(anonymous_7)
FN:193,(anonymous_8)
FNF:5
FNH:0
FNDA:0,(anonymous_4)
FNDA:0,(anonymous_5)
FNDA:0,(anonymous_6)
FNDA:0,(anonymous_7)
FNDA:0,(anonymous_8)
DA:1,0
DA:9,0
DA:15,0
DA:31,0
DA:55,0
DA:57,0
DA:105,0
DA:107,0
DA:113,0
DA:119,0
DA:152,0
DA:155,0
DA:179,0
DA:180,0
DA:193,0
DA:194,0
LF:16
LH:0
BRDA:113,0,0,0
BRDA:113,0,1,0
BRF:2
BRH:0
end_of_record
TN:
SF:src/auth/auth-demo.module.ts
FNF:0
FNH:0
DA:1,0
DA:2,0
DA:9,0
LF:3
LH:0
BRF:0
BRH:0
end_of_record
TN:
SF:src/auth/auth.controller.ts
FN:28,(anonymous_4)
FN:51,(anonymous_5)
FN:85,(anonymous_6)
FN:104,(anonymous_7)
FN:125,(anonymous_8)
FN:149,(anonymous_9)
FNF:6
FNH:2
FNDA:2,(anonymous_4)
FNDA:0,(anonymous_5)
FNDA:2,(anonymous_6)
FNDA:0,(anonymous_7)
FNDA:0,(anonymous_8)
FNDA:0,(anonymous_9)
DA:1,2
DA:11,2
DA:18,2
DA:19,2
DA:20,2
DA:21,2
DA:22,2
DA:23,2
DA:27,2
DA:28,2
DA:51,2
DA:52,0
DA:85,2
DA:86,2
DA:104,2
DA:105,0
DA:125,2
DA:126,0
DA:149,2
DA:150,0
LF:20
LH:16
BRF:0
BRH:0
end_of_record
TN:
SF:src/auth/auth.module.ts
FN:22,(anonymous_1)
FNF:1
FNH:1
FNDA:2,(anonymous_1)
DA:1,2
DA:2,2
DA:3,2
DA:4,2
DA:5,2
DA:7,2
DA:8,2
DA:9,2
DA:10,2
DA:11,2
DA:12,2
DA:13,2
DA:22,2
DA:47,2
LF:14
LH:14
BRF:0
BRH:0
end_of_record
TN:
SF:src/auth/auth.service.ts
FN:13,(anonymous_2)
FN:19,(anonymous_3)
FN:41,(anonymous_4)
FN:76,(anonymous_5)
FN:101,(anonymous_6)
FN:117,(anonymous_7)
FNF:6
FNH:3
FNDA:2,(anonymous_2)
FNDA:4,(anonymous_3)
FNDA:2,(anonymous_4)
FNDA:0,(anonymous_5)
FNDA:0,(anonymous_6)
FNDA:0,(anonymous_7)
DA:1,2
DA:2,2
DA:3,2
DA:4,2
DA:5,2
DA:12,2
DA:14,2
DA:15,2
DA:16,2
DA:20,4
DA:22,4
DA:23,0
DA:26,4
DA:27,0
DA:30,4
DA:32,4
DA:33,0
DA:37,4
DA:38,4
DA:42,2
DA:44,2
DA:45,0
DA:49,2
DA:51,2
DA:57,2
DA:59,2
DA:78,0
DA:80,0
DA:81,0
DA:85,0
DA:86,0
DA:89,0
DA:94,0
DA:97,0
DA:98,0
DA:102,0
DA:108,0
DA:110,0
DA:120,0
LF:39
LH:22
BRDA:22,0,0,0
BRDA:26,1,0,0
BRDA:32,2,0,0
BRDA:44,3,0,0
BRDA:80,4,0,0
BRF:5
BRH:0
end_of_record
TN:
SF:src/auth/decorators/public.decorator.ts
FN:4,(anonymous_0)
FNF:1
FNH:1
FNDA:4,(anonymous_0)
DA:1,2
DA:3,2
DA:4,4
LF:3
LH:3
BRF:0
BRH:0
end_of_record
TN:
SF:src/auth/decorators/roles.decorator.ts
FN:5,(anonymous_0)
FNF:1
FNH:1
FNDA:36,(anonymous_0)
DA:1,2
DA:4,2
DA:5,36
LF:3
LH:3
BRF:0
BRH:0
end_of_record
TN:
SF:src/auth/guards/jwt-auth.guard.ts
FN:8,(anonymous_2)
FN:12,(anonymous_3)
FNF:2
FNH:2
FNDA:10,(anonymous_2)
FNDA:15,(anonymous_3)
DA:1,2
DA:2,2
DA:3,2
DA:4,2
DA:7,2
DA:8,10
DA:9,10
DA:13,15
DA:18,15
DA:19,2
DA:22,13
LF:11
LH:11
BRDA:18,0,0,2
BRF:1
BRH:1
end_of_record
TN:
SF:src/auth/guards/local-auth.guard.ts
FNF:0
FNH:0
DA:1,2
DA:2,2
DA:5,2
LF:3
LH:3
BRF:0
BRH:0
end_of_record
TN:
SF:src/auth/guards/roles.guard.ts
FN:8,(anonymous_2)
FN:10,(anonymous_3)
FN:26,(anonymous_4)
FNF:3
FNH:3
FNDA:8,(anonymous_2)
FNDA:14,(anonymous_3)
FNDA:20,(anonymous_4)
DA:1,2
DA:2,2
DA:3,2
DA:7,2
DA:8,8
DA:11,14
DA:16,14
DA:17,4
DA:20,10
DA:22,10
DA:23,0
DA:26,20
LF:12
LH:11
BRDA:16,0,0,4
BRDA:22,1,0,0
BRF:2
BRH:1
end_of_record
TN:
SF:src/auth/strategies/jwt.strategy.ts
FN:17,(anonymous_2)
FN:28,(anonymous_3)
FNF:2
FNH:2
FNDA:2,(anonymous_2)
FNDA:12,(anonymous_3)
DA:1,2
DA:2,2
DA:3,2
DA:4,2
DA:5,2
DA:16,2
DA:18,2
DA:19,2
DA:21,2
DA:29,12
DA:31,12
DA:32,0
DA:35,12
DA:36,0
DA:40,12
LF:15
LH:13
BRDA:31,0,0,0
BRDA:35,1,0,0
BRF:2
BRH:0
end_of_record
TN:
SF:src/auth/strategies/local.strategy.ts
FN:8,(anonymous_2)
FN:15,(anonymous_3)
FNF:2
FNH:2
FNDA:2,(anonymous_2)
FNDA:2,(anonymous_3)
DA:1,2
DA:2,2
DA:3,2
DA:4,2
DA:7,2
DA:8,2
DA:9,2
DA:16,2
DA:18,2
DA:19,0
DA:22,2
LF:11
LH:10
BRDA:18,0,0,0
BRF:1
BRH:0
end_of_record
TN:
SF:src/database/data-source.ts
FNF:0
FNH:0
DA:1,0
DA:2,0
DA:3,0
DA:5,0
DA:7,0
DA:9,0
LF:6
LH:0
BRDA:20,0,0,0
BRDA:20,0,1,0
BRF:2
BRH:0
end_of_record
TN:
SF:src/documents/documents-demo.controller.ts
FN:44,(anonymous_4)
FN:170,(anonymous_5)
FN:215,(anonymous_6)
FN:228,(anonymous_7)
FN:236,(anonymous_8)
FN:240,(anonymous_9)
FN:244,(anonymous_10)
FN:295,(anonymous_11)
FN:297,(anonymous_12)
FN:300,(anonymous_13)
FN:301,(anonymous_14)
FN:302,(anonymous_15)
FN:303,(anonymous_16)
FN:307,(anonymous_17)
FN:308,(anonymous_18)
FN:309,(anonymous_19)
FN:310,(anonymous_20)
FN:311,(anonymous_21)
FN:312,(anonymous_22)
FN:330,(anonymous_23)
FN:331,(anonymous_24)
FN:353,(anonymous_25)
FN:354,(anonymous_26)
FN:384,(anonymous_27)
FN:385,(anonymous_28)
FN:427,(anonymous_29)
FN:428,(anonymous_30)
FN:454,(anonymous_31)
FN:455,(anonymous_32)
FN:473,(anonymous_33)
FN:111,(anonymous_34)
FN:114,(anonymous_35)
FN:119,(anonymous_36)
FNF:33
FNH:0
FNDA:0,(anonymous_4)
FNDA:0,(anonymous_5)
FNDA:0,(anonymous_6)
FNDA:0,(anonymous_7)
FNDA:0,(anonymous_8)
FNDA:0,(anonymous_9)
FNDA:0,(anonymous_10)
FNDA:0,(anonymous_11)
FNDA:0,(anonymous_12)
FNDA:0,(anonymous_13)
FNDA:0,(anonymous_14)
FNDA:0,(anonymous_15)
FNDA:0,(anonymous_16)
FNDA:0,(anonymous_17)
FNDA:0,(anonymous_18)
FNDA:0,(anonymous_19)
FNDA:0,(anonymous_20)
FNDA:0,(anonymous_21)
FNDA:0,(anonymous_22)
FNDA:0,(anonymous_23)
FNDA:0,(anonymous_24)
FNDA:0,(anonymous_25)
FNDA:0,(anonymous_26)
FNDA:0,(anonymous_27)
FNDA:0,(anonymous_28)
FNDA:0,(anonymous_29)
FNDA:0,(anonymous_30)
FNDA:0,(anonymous_31)
FNDA:0,(anonymous_32)
FNDA:0,(anonymous_33)
FNDA:0,(anonymous_34)
FNDA:0,(anonymous_35)
FNDA:0,(anonymous_36)
DA:1,0
DA:14,0
DA:15,0
DA:25,0
DA:26,0
DA:27,0
DA:44,0
DA:45,0
DA:112,0
DA:114,0
DA:116,0
DA:120,0
DA:130,0
DA:131,0
DA:133,0
DA:170,0
DA:175,0
DA:177,0
DA:197,0
DA:199,0
DA:215,0
DA:223,0
DA:226,0
DA:227,0
DA:228,0
DA:229,0
DA:235,0
DA:236,0
DA:239,0
DA:240,0
DA:243,0
DA:244,0
DA:248,0
DA:249,0
DA:251,0
DA:295,0
DA:296,0
DA:297,0
DA:299,0
DA:300,0
DA:301,0
DA:302,0
DA:303,0
DA:306,0
DA:307,0
DA:308,0
DA:309,0
DA:310,0
DA:311,0
DA:312,0
DA:315,0
DA:330,0
DA:331,0
DA:333,0
DA:334,0
DA:341,0
DA:353,0
DA:354,0
DA:356,0
DA:357,0
DA:364,0
DA:384,0
DA:385,0
DA:387,0
DA:388,0
DA:396,0
DA:402,0
DA:427,0
DA:428,0
DA:430,0
DA:431,0
DA:438,0
DA:439,0
DA:441,0
DA:454,0
DA:455,0
DA:457,0
DA:458,0
DA:465,0
DA:467,0
DA:474,0
DA:484,0
LF:82
LH:0
BRDA:175,0,0,0
BRDA:175,0,1,0
BRDA:180,1,0,0
BRDA:180,1,1,0
BRDA:181,2,0,0
BRDA:181,2,1,0
BRDA:182,3,0,0
BRDA:182,3,1,0
BRDA:183,4,0,0
BRDA:183,4,1,0
BRDA:184,5,0,0
BRDA:184,5,1,0
BRDA:185,6,0,0
BRDA:185,6,1,0
BRDA:216,7,0,0
BRDA:217,8,0,0
BRDA:226,9,0,0
BRDA:229,10,0,0
BRDA:229,10,1,0
BRDA:229,10,2,0
BRDA:235,11,0,0
BRDA:239,12,0,0
BRDA:243,13,0,0
BRDA:333,14,0,0
BRDA:356,15,0,0
BRDA:387,16,0,0
BRDA:430,17,0,0
BRDA:457,18,0,0
BRDA:484,19,0,0
BRDA:484,19,1,0
BRDA:130,20,0,0
BRDA:130,20,1,0
BRF:32
BRH:0
end_of_record
TN:
SF:src/documents/documents-demo.module.ts
FNF:0
FNH:0
DA:1,0
DA:2,0
DA:3,0
DA:15,0
LF:4
LH:0
BRF:0
BRH:0
end_of_record
TN:
SF:src/documents/documents.controller.ts
FN:47,(anonymous_4)
FN:114,(anonymous_5)
FN:131,(anonymous_6)
FN:177,(anonymous_7)
FN:186,(anonymous_8)
FN:195,(anonymous_9)
FN:217,(anonymous_10)
FN:243,(anonymous_11)
FN:257,(anonymous_12)
FN:55,(anonymous_13)
FN:58,(anonymous_14)
FN:63,(anonymous_15)
FNF:12
FNH:5
FNDA:2,(anonymous_4)
FNDA:3,(anonymous_5)
FNDA:0,(anonymous_6)
FNDA:0,(anonymous_7)
FNDA:0,(anonymous_8)
FNDA:0,(anonymous_9)
FNDA:0,(anonymous_10)
FNDA:0,(anonymous_11)
FNDA:0,(anonymous_12)
FNDA:2,(anonymous_13)
FNDA:64,(anonymous_14)
FNDA:2,(anonymous_15)
DA:1,2
DA:19,2
DA:20,2
DA:31,2
DA:32,2
DA:33,2
DA:34,2
DA:35,2
DA:36,2
DA:37,2
DA:38,2
DA:39,2
DA:40,2
DA:46,2
DA:47,2
DA:56,2
DA:58,64
DA:60,2
DA:64,2
DA:74,2
DA:75,2
DA:77,0
DA:114,2
DA:119,3
DA:131,2
DA:139,0
DA:177,2
DA:178,0
DA:186,2
DA:187,0
DA:195,2
DA:199,0
DA:201,0
DA:207,0
DA:217,2
DA:221,0
DA:243,2
DA:247,0
DA:257,2
DA:258,0
LF:40
LH:30
BRDA:74,0,0,2
BRDA:74,0,1,0
BRF:2
BRH:1
end_of_record
TN:
SF:src/documents/documents.module.ts
FNF:0
FNH:0
DA:1,2
DA:2,2
DA:3,2
DA:4,2
DA:5,2
DA:6,2
DA:19,2
LF:7
LH:7
BRF:0
BRH:0
end_of_record
TN:
SF:src/documents/documents.service.ts
FN:18,(anonymous_4)
FN:23,(anonymous_5)
FN:71,(anonymous_6)
FN:128,(anonymous_7)
FN:149,(anonymous_8)
FN:156,(anonymous_9)
FN:167,(anonymous_10)
FN:183,(anonymous_11)
FN:235,(anonymous_12)
FN:249,(anonymous_13)
FN:263,(anonymous_14)
FN:272,(anonymous_15)
FNF:12
FNH:5
FNDA:2,(anonymous_4)
FNDA:3,(anonymous_5)
FNDA:0,(anonymous_6)
FNDA:3,(anonymous_7)
FNDA:0,(anonymous_8)
FNDA:2,(anonymous_9)
FNDA:0,(anonymous_10)
FNDA:0,(anonymous_11)
FNDA:0,(anonymous_12)
FNDA:2,(anonymous_13)
FNDA:0,(anonymous_14)
FNDA:0,(anonymous_15)
DA:1,2
DA:7,2
DA:8,2
DA:9,2
DA:11,2
DA:12,2
DA:17,2
DA:20,2
DA:28,3
DA:29,1
DA:32,2
DA:34,2
DA:40,2
DA:43,2
DA:55,2
DA:57,0
DA:58,0
DA:59,0
DA:65,0
DA:66,0
DA:67,0
DA:84,0
DA:86,0
DA:88,0
DA:89,0
DA:92,0
DA:93,0
DA:96,0
DA:97,0
DA:100,0
DA:101,0
DA:104,0
DA:120,0
DA:129,3
DA:142,2
DA:143,0
DA:146,2
DA:150,0
DA:152,0
DA:153,0
DA:157,2
DA:159,1
DA:160,1
DA:161,0
DA:164,1
DA:168,0
DA:171,0
DA:172,0
DA:173,0
DA:177,0
DA:180,0
DA:189,0
DA:191,0
DA:198,0
DA:208,0
DA:213,0
DA:215,0
DA:239,0
DA:241,0
DA:242,0
DA:243,0
DA:245,0
DA:250,2
DA:260,2
DA:264,0
DA:266,0
DA:267,0
DA:269,0
DA:273,0
LF:69
LH:24
BRDA:28,0,0,1
BRDA:36,1,0,2
BRDA:36,1,1,2
BRDA:46,2,0,2
BRDA:46,2,1,0
BRDA:50,3,0,2
BRDA:50,3,1,0
BRDA:72,4,0,0
BRDA:73,5,0,0
BRDA:88,6,0,0
BRDA:92,7,0,0
BRDA:96,8,0,0
BRDA:100,9,0,0
BRDA:142,10,0,0
BRDA:160,11,0,0
BRDA:172,12,0,0
BRDA:213,13,0,0
BRDA:213,13,1,0
BRDA:260,14,0,2
BRDA:260,14,1,0
BRDA:272,15,0,0
BRF:21
BRH:6
end_of_record
TN:
SF:src/ingestion/ingestion-demo.controller.ts
FN:33,(anonymous_4)
FN:147,(anonymous_5)
FN:186,(anonymous_6)
FN:187,(anonymous_7)
FN:210,(anonymous_8)
FN:221,(anonymous_9)
FN:225,(anonymous_10)
FN:229,(anonymous_11)
FN:278,(anonymous_12)
FN:282,(anonymous_13)
FN:283,(anonymous_14)
FN:284,(anonymous_15)
FN:285,(anonymous_16)
FN:286,(anonymous_17)
FN:290,(anonymous_18)
FN:291,(anonymous_19)
FN:292,(anonymous_20)
FN:296,(anonymous_21)
FN:301,(anonymous_22)
FN:322,(anonymous_23)
FN:323,(anonymous_24)
FN:347,(anonymous_25)
FN:348,(anonymous_26)
FN:381,(anonymous_27)
FN:382,(anonymous_28)
FN:404,(anonymous_29)
FN:405,(anonymous_30)
FN:444,(anonymous_31)
FN:462,(anonymous_32)
FNF:29
FNH:0
FNDA:0,(anonymous_4)
FNDA:0,(anonymous_5)
FNDA:0,(anonymous_6)
FNDA:0,(anonymous_7)
FNDA:0,(anonymous_8)
FNDA:0,(anonymous_9)
FNDA:0,(anonymous_10)
FNDA:0,(anonymous_11)
FNDA:0,(anonymous_12)
FNDA:0,(anonymous_13)
FNDA:0,(anonymous_14)
FNDA:0,(anonymous_15)
FNDA:0,(anonymous_16)
FNDA:0,(anonymous_17)
FNDA:0,(anonymous_18)
FNDA:0,(anonymous_19)
FNDA:0,(anonymous_20)
FNDA:0,(anonymous_21)
FNDA:0,(anonymous_22)
FNDA:0,(anonymous_23)
FNDA:0,(anonymous_24)
FNDA:0,(anonymous_25)
FNDA:0,(anonymous_26)
FNDA:0,(anonymous_27)
FNDA:0,(anonymous_28)
FNDA:0,(anonymous_29)
FNDA:0,(anonymous_30)
FNDA:0,(anonymous_31)
FNDA:0,(anonymous_32)
DA:1,0
DA:11,0
DA:19,0
DA:33,0
DA:34,0
DA:147,0
DA:148,0
DA:183,0
DA:186,0
DA:187,0
DA:188,0
DA:189,0
DA:190,0
DA:191,0
DA:195,0
DA:210,0
DA:217,0
DA:220,0
DA:221,0
DA:224,0
DA:225,0
DA:228,0
DA:229,0
DA:233,0
DA:234,0
DA:236,0
DA:278,0
DA:279,0
DA:281,0
DA:282,0
DA:283,0
DA:284,0
DA:285,0
DA:286,0
DA:289,0
DA:290,0
DA:291,0
DA:292,0
DA:296,0
DA:297,0
DA:300,0
DA:302,0
DA:303,0
DA:307,0
DA:322,0
DA:323,0
DA:325,0
DA:326,0
DA:333,0
DA:347,0
DA:348,0
DA:350,0
DA:351,0
DA:358,0
DA:360,0
DA:361,0
DA:369,0
DA:381,0
DA:382,0
DA:383,0
DA:384,0
DA:385,0
DA:386,0
DA:390,0
DA:404,0
DA:405,0
DA:407,0
DA:408,0
DA:415,0
DA:417,0
DA:418,0
DA:426,0
DA:433,0
DA:444,0
DA:446,0
DA:462,0
DA:464,0
LF:77
LH:0
BRDA:150,0,0,0
BRDA:150,0,1,0
BRDA:151,1,0,0
BRDA:151,1,1,0
BRDA:154,2,0,0
BRDA:154,2,1,0
BRDA:155,3,0,0
BRDA:155,3,1,0
BRDA:161,4,0,0
BRDA:161,4,1,0
BRDA:188,5,0,0
BRDA:211,6,0,0
BRDA:212,7,0,0
BRDA:220,8,0,0
BRDA:224,9,0,0
BRDA:228,10,0,0
BRDA:297,11,0,0
BRDA:297,11,1,0
BRDA:297,11,2,0
BRDA:300,12,0,0
BRDA:300,12,1,0
BRDA:325,13,0,0
BRDA:350,14,0,0
BRDA:360,15,0,0
BRDA:360,16,0,0
BRDA:360,16,1,0
BRDA:383,17,0,0
BRDA:407,18,0,0
BRDA:417,19,0,0
BRDA:417,20,0,0
BRDA:417,20,1,0
BRDA:417,20,2,0
BRDA:450,21,0,0
BRDA:450,21,1,0
BRF:34
BRH:0
end_of_record
TN:
SF:src/ingestion/ingestion-demo.module.ts
FNF:0
FNH:0
DA:1,0
DA:2,0
DA:9,0
LF:3
LH:0
BRF:0
BRH:0
end_of_record
TN:
SF:src/ingestion/ingestion.controller.ts
FN:35,(anonymous_4)
FN:44,(anonymous_5)
FN:56,(anonymous_6)
FN:99,(anonymous_7)
FN:108,(anonymous_8)
FN:120,(anonymous_9)
FN:132,(anonymous_10)
FNF:7
FNH:3
FNDA:2,(anonymous_4)
FNDA:1,(anonymous_5)
FNDA:0,(anonymous_6)
FNDA:0,(anonymous_7)
FNDA:1,(anonymous_8)
FNDA:0,(anonymous_9)
FNDA:0,(anonymous_10)
DA:1,2
DA:14,2
DA:22,2
DA:23,2
DA:24,2
DA:25,2
DA:26,2
DA:27,2
DA:28,2
DA:34,2
DA:35,2
DA:44,2
DA:45,1
DA:56,2
DA:63,0
DA:99,2
DA:100,0
DA:108,2
DA:109,1
DA:120,2
DA:121,0
DA:132,2
DA:133,0
LF:23
LH:19
BRF:0
BRH:0
end_of_record
TN:
SF:src/ingestion/ingestion.module.ts
FNF:0
FNH:0
DA:1,2
DA:2,2
DA:3,2
DA:4,2
DA:5,2
DA:6,2
DA:7,2
DA:18,2
LF:8
LH:8
BRF:0
BRH:0
end_of_record
TN:
SF:src/ingestion/ingestion.service.ts
FN:27,(anonymous_4)
FN:41,(anonymous_5)
FN:64,(anonymous_6)
FN:71,(anonymous_7)
FN:129,(anonymous_8)
FN:158,(anonymous_9)
FN:174,(anonymous_10)
FN:181,(anonymous_11)
FN:194,(anonymous_12)
FN:222,(anonymous_13)
FN:251,(anonymous_14)
FN:308,(anonymous_15)
FN:333,(anonymous_16)
FNF:13
FNH:6
FNDA:2,(anonymous_4)
FNDA:1,(anonymous_5)
FNDA:1,(anonymous_6)
FNDA:0,(anonymous_7)
FNDA:2,(anonymous_8)
FNDA:0,(anonymous_9)
FNDA:0,(anonymous_10)
FNDA:0,(anonymous_11)
FNDA:0,(anonymous_12)
FNDA:0,(anonymous_13)
FNDA:1,(anonymous_14)
FNDA:0,(anonymous_15)
FNDA:1,(anonymous_16)
DA:1,2
DA:8,2
DA:9,2
DA:10,2
DA:11,2
DA:12,2
DA:18,2
DA:19,2
DA:20,2
DA:23,2
DA:24,2
DA:29,2
DA:31,2
DA:32,2
DA:33,2
DA:35,2
DA:46,1
DA:49,1
DA:50,1
DA:51,0
DA:54,1
DA:61,1
DA:64,1
DA:65,1
DA:68,1
DA:83,0
DA:85,0
DA:87,0
DA:88,0
DA:91,0
DA:92,0
DA:95,0
DA:96,0
DA:99,0
DA:121,0
DA:130,2
DA:151,2
DA:152,0
DA:155,2
DA:159,0
DA:161,0
DA:162,0
DA:165,0
DA:166,0
DA:167,0
DA:168,0
DA:169,0
DA:171,0
DA:174,0
DA:175,0
DA:178,0
DA:182,0
DA:184,0
DA:185,0
DA:188,0
DA:189,0
DA:191,0
DA:200,0
DA:202,0
DA:210,0
DA:217,0
DA:222,0
DA:223,0
DA:224,0
DA:226,0
DA:229,0
DA:233,0
DA:252,1
DA:254,1
DA:256,1
DA:257,1
DA:258,1
DA:261,1
DA:262,1
DA:266,0
DA:269,0
DA:281,0
DA:282,0
DA:283,0
DA:284,0
DA:287,0
DA:288,0
DA:292,1
DA:295,1
DA:296,1
DA:297,1
DA:300,1
DA:301,1
DA:304,1
DA:309,0
DA:315,0
DA:316,0
DA:317,0
DA:324,0
DA:327,0
DA:330,0
DA:334,1
DA:335,1
DA:336,0
DA:340,1
DA:343,1
DA:344,0
DA:345,0
DA:349,0
DA:350,0
LF:105
LH:45
BRDA:50,0,0,0
BRDA:58,1,0,1
BRDA:58,1,1,0
BRDA:72,2,0,0
BRDA:73,3,0,0
BRDA:87,4,0,0
BRDA:91,5,0,0
BRDA:95,6,0,0
BRDA:151,7,0,0
BRDA:161,8,0,0
BRDA:184,9,0,0
BRDA:184,10,0,0
BRDA:184,10,1,0
BRDA:223,11,0,0
BRDA:223,12,0,0
BRDA:223,12,1,0
BRDA:229,13,0,0
BRDA:229,13,1,0
BRDA:261,14,0,1
BRDA:287,15,0,0
BRDA:297,16,0,1
BRDA:297,16,1,0
BRDA:300,17,0,1
BRDA:312,18,0,0
BRDA:312,18,1,0
BRDA:315,19,0,0
BRDA:315,19,1,0
BRDA:315,20,0,0
BRDA:315,20,1,0
BRDA:324,21,0,0
BRDA:334,22,0,1
BRDA:335,23,0,0
BRDA:343,24,0,0
BRDA:344,25,0,0
BRDA:344,26,0,0
BRDA:344,26,1,0
BRF:36
BRH:5
end_of_record
TN:
SF:src/users/users-demo.controller.ts
FN:41,(anonymous_4)
FN:81,(anonymous_5)
FN:110,(anonymous_6)
FN:120,(anonymous_7)
FN:126,(anonymous_8)
FN:170,(anonymous_9)
FN:172,(anonymous_10)
FN:175,(anonymous_11)
FN:176,(anonymous_12)
FN:177,(anonymous_13)
FN:199,(anonymous_14)
FN:200,(anonymous_15)
FN:224,(anonymous_16)
FN:225,(anonymous_17)
FN:254,(anonymous_18)
FN:255,(anonymous_19)
FN:280,(anonymous_20)
FN:281,(anonymous_21)
FN:306,(anonymous_22)
FN:307,(anonymous_23)
FN:332,(anonymous_24)
FN:333,(anonymous_25)
FNF:22
FNH:0
FNDA:0,(anonymous_4)
FNDA:0,(anonymous_5)
FNDA:0,(anonymous_6)
FNDA:0,(anonymous_7)
FNDA:0,(anonymous_8)
FNDA:0,(anonymous_9)
FNDA:0,(anonymous_10)
FNDA:0,(anonymous_11)
FNDA:0,(anonymous_12)
FNDA:0,(anonymous_13)
FNDA:0,(anonymous_14)
FNDA:0,(anonymous_15)
FNDA:0,(anonymous_16)
FNDA:0,(anonymous_17)
FNDA:0,(anonymous_18)
FNDA:0,(anonymous_19)
FNDA:0,(anonymous_20)
FNDA:0,(anonymous_21)
FNDA:0,(anonymous_22)
FNDA:0,(anonymous_23)
FNDA:0,(anonymous_24)
FNDA:0,(anonymous_25)
DA:1,0
DA:12,0
DA:20,0
DA:41,0
DA:42,0
DA:81,0
DA:82,0
DA:93,0
DA:95,0
DA:110,0
DA:116,0
DA:119,0
DA:120,0
DA:124,0
DA:125,0
DA:126,0
DA:127,0
DA:134,0
DA:135,0
DA:137,0
DA:170,0
DA:171,0
DA:172,0
DA:173,0
DA:175,0
DA:176,0
DA:177,0
DA:179,0
DA:199,0
DA:200,0
DA:202,0
DA:203,0
DA:210,0
DA:224,0
DA:225,0
DA:227,0
DA:228,0
DA:236,0
DA:241,0
DA:254,0
DA:255,0
DA:257,0
DA:258,0
DA:265,0
DA:267,0
DA:280,0
DA:281,0
DA:283,0
DA:284,0
DA:291,0
DA:293,0
DA:306,0
DA:307,0
DA:309,0
DA:310,0
DA:317,0
DA:319,0
DA:332,0
DA:333,0
DA:335,0
DA:336,0
DA:343,0
DA:345,0
LF:63
LH:0
BRDA:87,0,0,0
BRDA:87,0,1,0
BRDA:111,1,0,0
BRDA:112,2,0,0
BRDA:119,3,0,0
BRDA:124,4,0,0
BRDA:127,5,0,0
BRDA:127,5,1,0
BRDA:127,5,2,0
BRDA:202,6,0,0
BRDA:227,7,0,0
BRDA:257,8,0,0
BRDA:283,9,0,0
BRDA:309,10,0,0
BRDA:335,11,0,0
BRF:15
BRH:0
end_of_record
TN:
SF:src/users/users-demo.module.ts
FNF:0
FNH:0
DA:1,0
DA:2,0
DA:9,0
LF:3
LH:0
BRF:0
BRH:0
end_of_record
TN:
SF:src/users/users.controller.ts
FN:36,(anonymous_4)
FN:44,(anonymous_5)
FN:57,(anonymous_6)
FN:90,(anonymous_7)
FN:101,(anonymous_8)
FN:113,(anonymous_9)
FN:127,(anonymous_10)
FN:141,(anonymous_11)
FN:152,(anonymous_12)
FN:163,(anonymous_13)
FNF:10
FNH:1
FNDA:2,(anonymous_4)
FNDA:0,(anonymous_5)
FNDA:0,(anonymous_6)
FNDA:0,(anonymous_7)
FNDA:0,(anonymous_8)
FNDA:0,(anonymous_9)
FNDA:0,(anonymous_10)
FNDA:0,(anonymous_11)
FNDA:0,(anonymous_12)
FNDA:0,(anonymous_13)
DA:1,2
DA:14,2
DA:22,2
DA:23,2
DA:24,2
DA:25,2
DA:26,2
DA:27,2
DA:28,2
DA:29,2
DA:35,2
DA:36,2
DA:44,2
DA:45,0
DA:57,2
DA:63,0
DA:90,2
DA:91,0
DA:101,2
DA:102,0
DA:113,2
DA:117,0
DA:127,2
DA:131,0
DA:141,2
DA:142,0
DA:152,2
DA:153,0
DA:163,2
DA:164,0
LF:30
LH:21
BRF:0
BRH:0
end_of_record
TN:
SF:src/users/users.module.ts
FNF:0
FNH:0
DA:1,2
DA:2,2
DA:3,2
DA:4,2
DA:5,2
DA:13,2
LF:6
LH:6
BRF:0
BRH:0
end_of_record
TN:
SF:src/users/users.service.ts
FN:10,(anonymous_4)
FN:15,(anonymous_5)
FN:26,(anonymous_6)
FN:71,(anonymous_7)
FN:91,(anonymous_8)
FN:111,(anonymous_9)
FN:130,(anonymous_10)
FN:136,(anonymous_11)
FN:147,(anonymous_12)
FN:158,(anonymous_13)
FN:168,(anonymous_14)
FN:179,(anonymous_15)
FNF:12
FNH:4
FNDA:2,(anonymous_4)
FNDA:0,(anonymous_5)
FNDA:0,(anonymous_6)
FNDA:12,(anonymous_7)
FNDA:4,(anonymous_8)
FNDA:0,(anonymous_9)
FNDA:2,(anonymous_10)
FNDA:0,(anonymous_11)
FNDA:0,(anonymous_12)
FNDA:0,(anonymous_13)
FNDA:0,(anonymous_14)
FNDA:0,(anonymous_15)
DA:1,2
DA:2,2
DA:3,2
DA:4,2
DA:9,2
DA:12,2
DA:17,0
DA:18,0
DA:19,0
DA:22,0
DA:23,0
DA:32,0
DA:34,0
DA:36,0
DA:37,0
DA:41,0
DA:42,0
DA:45,0
DA:63,0
DA:72,12
DA:88,12
DA:92,4
DA:108,4
DA:112,0
DA:114,0
DA:115,0
DA:119,0
DA:120,0
DA:121,0
DA:122,0
DA:126,0
DA:127,0
DA:131,2
DA:137,0
DA:139,0
DA:140,0
DA:143,0
DA:144,0
DA:148,0
DA:150,0
DA:151,0
DA:154,0
DA:155,0
DA:159,0
DA:161,0
DA:162,0
DA:165,0
DA:169,0
DA:171,0
DA:172,0
DA:175,0
DA:176,0
DA:185,0
DA:186,0
DA:187,0
DA:189,0
DA:190,0
DA:191,0
DA:193,0
LF:59
LH:11
BRDA:18,0,0,0
BRDA:27,1,0,0
BRDA:28,2,0,0
BRDA:36,3,0,0
BRDA:41,4,0,0
BRDA:114,5,0,0
BRDA:119,6,0,0
BRDA:119,7,0,0
BRDA:119,7,1,0
BRDA:121,8,0,0
BRDA:139,9,0,0
BRDA:150,10,0,0
BRDA:161,11,0,0
BRDA:171,12,0,0
BRF:14
BRH:0
end_of_record
